{
  "numFailedTestSuites": 1,
  "numFailedTests": 18,
  "numPassedTestSuites": 19,
  "numPassedTests": 270,
  "numPendingTestSuites": 0,
  "numPendingTests": 0,
  "numRuntimeErrorTestSuites": 0,
  "numTodoTests": 0,
  "numTotalTestSuites": 20,
  "numTotalTests": 288,
  "openHandles": [],
  "snapshot": {
    "added": 0,
    "didUpdate": false,
    "failure": false,
    "filesAdded": 0,
    "filesRemoved": 0,
    "filesRemovedList": [],
    "filesUnmatched": 0,
    "filesUpdated": 0,
    "matched": 0,
    "total": 0,
    "unchecked": 0,
    "uncheckedKeysByFile": [],
    "unmatched": 0,
    "updated": 0
  },
  "startTime": 1760202121373,
  "success": false,
  "testResults": [
    {
      "assertionResults": [
        {
          "ancestorTitles": ["ORS Service Integration", "Basic Routing"],
          "duration": 28,
          "failureDetails": [{}],
          "failureMessages": [
            "TypeError: AbortSignal.timeout is not a function\n    at OpenRouteService.makeRouteRequest (/workspaces/Kid-Friendly-Map-v1/utils/orsService.ts:480:31)\n    at OpenRouteService.getRoute (/workspaces/Kid-Friendly-Map-v1/utils/orsService.ts:164:35)\n    at Object.<anonymous> (/workspaces/Kid-Friendly-Map-v1/__tests__/routing-integration.test.ts:75:22)"
          ],
          "fullName": "ORS Service Integration Basic Routing should get walking route successfully",
          "invocations": 1,
          "location": null,
          "numPassingAsserts": 0,
          "retryReasons": [],
          "status": "failed",
          "title": "should get walking route successfully"
        },
        {
          "ancestorTitles": ["ORS Service Integration", "Basic Routing"],
          "duration": 18,
          "failureDetails": [
            {
              "matcherResult": {
                "message": "\u001b[2mexpect(\u001b[22m\u001b[31mreceived\u001b[39m\u001b[2m).\u001b[22mrejects\u001b[2m.\u001b[22mtoThrow\u001b[2m(\u001b[22m\u001b[32mexpected\u001b[39m\u001b[2m)\u001b[22m\n\nExpected substring: \u001b[32m\"ORS API error\"\u001b[39m\nReceived message:   \u001b[31m\"AbortSignal.timeout is not a function\"\u001b[39m\n\n    \u001b[0m \u001b[90m 478 |\u001b[39m           }\u001b[33m,\u001b[39m\n     \u001b[90m 479 |\u001b[39m           body\u001b[33m:\u001b[39m \u001b[33mJSON\u001b[39m\u001b[33m.\u001b[39mstringify(body)\u001b[33m,\u001b[39m\n    \u001b[31m\u001b[1m>\u001b[22m\u001b[39m\u001b[90m 480 |\u001b[39m           signal\u001b[33m:\u001b[39m \u001b[33mAbortSignal\u001b[39m\u001b[33m.\u001b[39mtimeout(\u001b[36mthis\u001b[39m\u001b[33m.\u001b[39mconfig\u001b[33m.\u001b[39mtimeout)\u001b[33m,\u001b[39m\n     \u001b[90m     |\u001b[39m                               \u001b[31m\u001b[1m^\u001b[22m\u001b[39m\n     \u001b[90m 481 |\u001b[39m         })\u001b[33m;\u001b[39m\n     \u001b[90m 482 |\u001b[39m\n     \u001b[90m 483 |\u001b[39m         \u001b[36mif\u001b[39m (\u001b[33m!\u001b[39mresponse\u001b[33m.\u001b[39mok) {\u001b[0m\n\n      \u001b[2mat OpenRouteService.makeRouteRequest (\u001b[22mutils/orsService.ts\u001b[2m:480:31)\u001b[22m\n      \u001b[2mat OpenRouteService.getRoute (\u001b[22mutils/orsService.ts\u001b[2m:164:35)\u001b[22m\n      \u001b[2mat Object.<anonymous> (\u001b[22m__tests__/routing-integration.test.ts\u001b[2m:102:7)\u001b[22m",
                "pass": false
              },
              "message": "\u001b[2mexpect(\u001b[22m\u001b[31mreceived\u001b[39m\u001b[2m).\u001b[22mrejects\u001b[2m.\u001b[22mtoThrow\u001b[2m(\u001b[22m\u001b[32mexpected\u001b[39m\u001b[2m)\u001b[22m\n\nExpected substring: \u001b[32m\"ORS API error\"\u001b[39m\nReceived message:   \u001b[31m\"AbortSignal.timeout is not a function\"\u001b[39m\n\n    \u001b[0m \u001b[90m 478 |\u001b[39m           }\u001b[33m,\u001b[39m\n     \u001b[90m 479 |\u001b[39m           body\u001b[33m:\u001b[39m \u001b[33mJSON\u001b[39m\u001b[33m.\u001b[39mstringify(body)\u001b[33m,\u001b[39m\n    \u001b[31m\u001b[1m>\u001b[22m\u001b[39m\u001b[90m 480 |\u001b[39m           signal\u001b[33m:\u001b[39m \u001b[33mAbortSignal\u001b[39m\u001b[33m.\u001b[39mtimeout(\u001b[36mthis\u001b[39m\u001b[33m.\u001b[39mconfig\u001b[33m.\u001b[39mtimeout)\u001b[33m,\u001b[39m\n     \u001b[90m     |\u001b[39m                               \u001b[31m\u001b[1m^\u001b[22m\u001b[39m\n     \u001b[90m 481 |\u001b[39m         })\u001b[33m;\u001b[39m\n     \u001b[90m 482 |\u001b[39m\n     \u001b[90m 483 |\u001b[39m         \u001b[36mif\u001b[39m (\u001b[33m!\u001b[39mresponse\u001b[33m.\u001b[39mok) {\u001b[0m\n\n      \u001b[2mat OpenRouteService.makeRouteRequest (\u001b[22mutils/orsService.ts\u001b[2m:480:31)\u001b[22m\n      \u001b[2mat OpenRouteService.getRoute (\u001b[22mutils/orsService.ts\u001b[2m:164:35)\u001b[22m\n      \u001b[2mat Object.<anonymous> (\u001b[22m__tests__/routing-integration.test.ts\u001b[2m:102:7)\u001b[22m"
            }
          ],
          "failureMessages": [
            "Error: \u001b[2mexpect(\u001b[22m\u001b[31mreceived\u001b[39m\u001b[2m).\u001b[22mrejects\u001b[2m.\u001b[22mtoThrow\u001b[2m(\u001b[22m\u001b[32mexpected\u001b[39m\u001b[2m)\u001b[22m\n\nExpected substring: \u001b[32m\"ORS API error\"\u001b[39m\nReceived message:   \u001b[31m\"AbortSignal.timeout is not a function\"\u001b[39m\n\n    \u001b[0m \u001b[90m 478 |\u001b[39m           }\u001b[33m,\u001b[39m\n     \u001b[90m 479 |\u001b[39m           body\u001b[33m:\u001b[39m \u001b[33mJSON\u001b[39m\u001b[33m.\u001b[39mstringify(body)\u001b[33m,\u001b[39m\n    \u001b[31m\u001b[1m>\u001b[22m\u001b[39m\u001b[90m 480 |\u001b[39m           signal\u001b[33m:\u001b[39m \u001b[33mAbortSignal\u001b[39m\u001b[33m.\u001b[39mtimeout(\u001b[36mthis\u001b[39m\u001b[33m.\u001b[39mconfig\u001b[33m.\u001b[39mtimeout)\u001b[33m,\u001b[39m\n     \u001b[90m     |\u001b[39m                               \u001b[31m\u001b[1m^\u001b[22m\u001b[39m\n     \u001b[90m 481 |\u001b[39m         })\u001b[33m;\u001b[39m\n     \u001b[90m 482 |\u001b[39m\n     \u001b[90m 483 |\u001b[39m         \u001b[36mif\u001b[39m (\u001b[33m!\u001b[39mresponse\u001b[33m.\u001b[39mok) {\u001b[0m\n\n      \u001b[2mat OpenRouteService.makeRouteRequest (\u001b[22mutils/orsService.ts\u001b[2m:480:31)\u001b[22m\n      \u001b[2mat OpenRouteService.getRoute (\u001b[22mutils/orsService.ts\u001b[2m:164:35)\u001b[22m\n      \u001b[2mat Object.<anonymous> (\u001b[22m__tests__/routing-integration.test.ts\u001b[2m:102:7)\u001b[22m\n    at Object.toThrow (/workspaces/Kid-Friendly-Map-v1/node_modules/expect/build/index.js:218:22)\n    at Object.<anonymous> (/workspaces/Kid-Friendly-Map-v1/__tests__/routing-integration.test.ts:107:17)\n    at Promise.then.completed (/workspaces/Kid-Friendly-Map-v1/node_modules/jest-circus/build/utils.js:298:28)\n    at new Promise (<anonymous>)\n    at callAsyncCircusFn (/workspaces/Kid-Friendly-Map-v1/node_modules/jest-circus/build/utils.js:231:10)\n    at _callCircusTest (/workspaces/Kid-Friendly-Map-v1/node_modules/jest-circus/build/run.js:316:40)\n    at _runTest (/workspaces/Kid-Friendly-Map-v1/node_modules/jest-circus/build/run.js:252:3)\n    at _runTestsForDescribeBlock (/workspaces/Kid-Friendly-Map-v1/node_modules/jest-circus/build/run.js:126:9)\n    at _runTestsForDescribeBlock (/workspaces/Kid-Friendly-Map-v1/node_modules/jest-circus/build/run.js:121:9)\n    at _runTestsForDescribeBlock (/workspaces/Kid-Friendly-Map-v1/node_modules/jest-circus/build/run.js:121:9)\n    at run (/workspaces/Kid-Friendly-Map-v1/node_modules/jest-circus/build/run.js:71:3)\n    at runAndTransformResultsToJestFormat (/workspaces/Kid-Friendly-Map-v1/node_modules/jest-circus/build/legacy-code-todo-rewrite/jestAdapterInit.js:122:21)\n    at jestAdapter (/workspaces/Kid-Friendly-Map-v1/node_modules/jest-circus/build/legacy-code-todo-rewrite/jestAdapter.js:79:19)\n    at runTestInternal (/workspaces/Kid-Friendly-Map-v1/node_modules/jest-runner/build/runTest.js:367:16)\n    at runTest (/workspaces/Kid-Friendly-Map-v1/node_modules/jest-runner/build/runTest.js:444:34)"
          ],
          "fullName": "ORS Service Integration Basic Routing should handle API errors gracefully",
          "invocations": 1,
          "location": null,
          "numPassingAsserts": 0,
          "retryReasons": [],
          "status": "failed",
          "title": "should handle API errors gracefully"
        },
        {
          "ancestorTitles": ["ORS Service Integration", "Basic Routing"],
          "duration": 1,
          "failureDetails": [{}],
          "failureMessages": [
            "TypeError: AbortSignal.timeout is not a function\n    at OpenRouteService.makeRouteRequest (/workspaces/Kid-Friendly-Map-v1/utils/orsService.ts:480:31)\n    at OpenRouteService.getRoute (/workspaces/Kid-Friendly-Map-v1/utils/orsService.ts:164:35)\n    at Object.<anonymous> (/workspaces/Kid-Friendly-Map-v1/__tests__/routing-integration.test.ts:127:22)"
          ],
          "fullName": "ORS Service Integration Basic Routing should retry on network failures",
          "invocations": 1,
          "location": null,
          "numPassingAsserts": 0,
          "retryReasons": [],
          "status": "failed",
          "title": "should retry on network failures"
        },
        {
          "ancestorTitles": ["ORS Service Integration", "Kid-Friendly Features"],
          "duration": 2,
          "failureDetails": [{}],
          "failureMessages": [
            "TypeError: AbortSignal.timeout is not a function\n    at OpenRouteService.makeRouteRequest (/workspaces/Kid-Friendly-Map-v1/utils/orsService.ts:480:31)\n    at OpenRouteService.getRoute (/workspaces/Kid-Friendly-Map-v1/utils/orsService.ts:164:35)\n    at Object.<anonymous> (/workspaces/Kid-Friendly-Map-v1/__tests__/routing-integration.test.ts:158:22)"
          ],
          "fullName": "ORS Service Integration Kid-Friendly Features should apply kid-friendly modifications",
          "invocations": 1,
          "location": null,
          "numPassingAsserts": 0,
          "retryReasons": [],
          "status": "failed",
          "title": "should apply kid-friendly modifications"
        },
        {
          "ancestorTitles": ["ORS Service Integration", "Kid-Friendly Features"],
          "duration": 1,
          "failureDetails": [{}],
          "failureMessages": [
            "TypeError: AbortSignal.timeout is not a function\n    at OpenRouteService.makeRouteRequest (/workspaces/Kid-Friendly-Map-v1/utils/orsService.ts:480:31)\n    at OpenRouteService.getRoute (/workspaces/Kid-Friendly-Map-v1/utils/orsService.ts:164:35)\n    at Object.<anonymous> (/workspaces/Kid-Friendly-Map-v1/__tests__/routing-integration.test.ts:203:22)"
          ],
          "fullName": "ORS Service Integration Kid-Friendly Features should calculate safety scores for kid routes",
          "invocations": 1,
          "location": null,
          "numPassingAsserts": 0,
          "retryReasons": [],
          "status": "failed",
          "title": "should calculate safety scores for kid routes"
        },
        {
          "ancestorTitles": ["ORS Service Integration", "Accessibility Features"],
          "duration": 1,
          "failureDetails": [{}],
          "failureMessages": [
            "TypeError: AbortSignal.timeout is not a function\n    at OpenRouteService.makeRouteRequest (/workspaces/Kid-Friendly-Map-v1/utils/orsService.ts:480:31)\n    at OpenRouteService.getRoute (/workspaces/Kid-Friendly-Map-v1/utils/orsService.ts:164:35)\n    at Object.<anonymous> (/workspaces/Kid-Friendly-Map-v1/__tests__/routing-integration.test.ts:226:22)"
          ],
          "fullName": "ORS Service Integration Accessibility Features should request wheelchair accessible routes",
          "invocations": 1,
          "location": null,
          "numPassingAsserts": 0,
          "retryReasons": [],
          "status": "failed",
          "title": "should request wheelchair accessible routes"
        },
        {
          "ancestorTitles": ["OTP2 Service Integration", "Trip Planning"],
          "duration": 1,
          "failureDetails": [{}],
          "failureMessages": [
            "TypeError: AbortSignal.timeout is not a function\n    at OpenTripPlanner2.makePlanRequest (/workspaces/Kid-Friendly-Map-v1/utils/otp2Service.ts:587:27)\n    at OpenTripPlanner2.planTrip (/workspaces/Kid-Friendly-Map-v1/utils/otp2Service.ts:239:35)\n    at Object.<anonymous> (/workspaces/Kid-Friendly-Map-v1/__tests__/routing-integration.test.ts:282:22)"
          ],
          "fullName": "OTP2 Service Integration Trip Planning should plan transit trip successfully",
          "invocations": 1,
          "location": null,
          "numPassingAsserts": 0,
          "retryReasons": [],
          "status": "failed",
          "title": "should plan transit trip successfully"
        },
        {
          "ancestorTitles": ["OTP2 Service Integration", "Trip Planning"],
          "duration": 1,
          "failureDetails": [{}],
          "failureMessages": [
            "TypeError: AbortSignal.timeout is not a function\n    at OpenTripPlanner2.makePlanRequest (/workspaces/Kid-Friendly-Map-v1/utils/otp2Service.ts:587:27)\n    at OpenTripPlanner2.planTrip (/workspaces/Kid-Friendly-Map-v1/utils/otp2Service.ts:239:35)\n    at Object.<anonymous> (/workspaces/Kid-Friendly-Map-v1/__tests__/routing-integration.test.ts:314:22)"
          ],
          "fullName": "OTP2 Service Integration Trip Planning should handle no routes found",
          "invocations": 1,
          "location": null,
          "numPassingAsserts": 0,
          "retryReasons": [],
          "status": "failed",
          "title": "should handle no routes found"
        },
        {
          "ancestorTitles": ["OTP2 Service Integration", "Kid-Friendly Transit"],
          "duration": 1,
          "failureDetails": [{}],
          "failureMessages": [
            "TypeError: AbortSignal.timeout is not a function\n    at OpenTripPlanner2.makePlanRequest (/workspaces/Kid-Friendly-Map-v1/utils/otp2Service.ts:587:27)\n    at OpenTripPlanner2.planTrip (/workspaces/Kid-Friendly-Map-v1/utils/otp2Service.ts:239:35)\n    at Object.<anonymous> (/workspaces/Kid-Friendly-Map-v1/__tests__/routing-integration.test.ts:349:22)"
          ],
          "fullName": "OTP2 Service Integration Kid-Friendly Transit should apply kid-friendly transit options",
          "invocations": 1,
          "location": null,
          "numPassingAsserts": 0,
          "retryReasons": [],
          "status": "failed",
          "title": "should apply kid-friendly transit options"
        },
        {
          "ancestorTitles": ["OTP2 Service Integration", "Real-time Data"],
          "duration": 1,
          "failureDetails": [{}],
          "failureMessages": [
            "TypeError: AbortSignal.timeout is not a function\n    at OpenTripPlanner2.getStopInfo (/workspaces/Kid-Friendly-Map-v1/utils/otp2Service.ts:420:29)\n    at Object.<anonymous> (/workspaces/Kid-Friendly-Map-v1/__tests__/routing-integration.test.ts:383:40)\n    at Promise.then.completed (/workspaces/Kid-Friendly-Map-v1/node_modules/jest-circus/build/utils.js:298:28)\n    at new Promise (<anonymous>)\n    at callAsyncCircusFn (/workspaces/Kid-Friendly-Map-v1/node_modules/jest-circus/build/utils.js:231:10)\n    at _callCircusTest (/workspaces/Kid-Friendly-Map-v1/node_modules/jest-circus/build/run.js:316:40)\n    at _runTest (/workspaces/Kid-Friendly-Map-v1/node_modules/jest-circus/build/run.js:252:3)\n    at _runTestsForDescribeBlock (/workspaces/Kid-Friendly-Map-v1/node_modules/jest-circus/build/run.js:126:9)\n    at _runTestsForDescribeBlock (/workspaces/Kid-Friendly-Map-v1/node_modules/jest-circus/build/run.js:121:9)\n    at _runTestsForDescribeBlock (/workspaces/Kid-Friendly-Map-v1/node_modules/jest-circus/build/run.js:121:9)\n    at run (/workspaces/Kid-Friendly-Map-v1/node_modules/jest-circus/build/run.js:71:3)\n    at runAndTransformResultsToJestFormat (/workspaces/Kid-Friendly-Map-v1/node_modules/jest-circus/build/legacy-code-todo-rewrite/jestAdapterInit.js:122:21)\n    at jestAdapter (/workspaces/Kid-Friendly-Map-v1/node_modules/jest-circus/build/legacy-code-todo-rewrite/jestAdapter.js:79:19)\n    at runTestInternal (/workspaces/Kid-Friendly-Map-v1/node_modules/jest-runner/build/runTest.js:367:16)\n    at runTest (/workspaces/Kid-Friendly-Map-v1/node_modules/jest-runner/build/runTest.js:444:34)"
          ],
          "fullName": "OTP2 Service Integration Real-time Data should fetch stop information",
          "invocations": 1,
          "location": null,
          "numPassingAsserts": 0,
          "retryReasons": [],
          "status": "failed",
          "title": "should fetch stop information"
        },
        {
          "ancestorTitles": ["OTP2 Service Integration", "Real-time Data"],
          "duration": 0,
          "failureDetails": [{}],
          "failureMessages": [
            "TypeError: AbortSignal.timeout is not a function\n    at OpenTripPlanner2.getStopTimes (/workspaces/Kid-Friendly-Map-v1/utils/otp2Service.ts:468:29)\n    at Object.<anonymous> (/workspaces/Kid-Friendly-Map-v1/__tests__/routing-integration.test.ts:414:40)\n    at Promise.then.completed (/workspaces/Kid-Friendly-Map-v1/node_modules/jest-circus/build/utils.js:298:28)\n    at new Promise (<anonymous>)\n    at callAsyncCircusFn (/workspaces/Kid-Friendly-Map-v1/node_modules/jest-circus/build/utils.js:231:10)\n    at _callCircusTest (/workspaces/Kid-Friendly-Map-v1/node_modules/jest-circus/build/run.js:316:40)\n    at _runTest (/workspaces/Kid-Friendly-Map-v1/node_modules/jest-circus/build/run.js:252:3)\n    at _runTestsForDescribeBlock (/workspaces/Kid-Friendly-Map-v1/node_modules/jest-circus/build/run.js:126:9)\n    at _runTestsForDescribeBlock (/workspaces/Kid-Friendly-Map-v1/node_modules/jest-circus/build/run.js:121:9)\n    at _runTestsForDescribeBlock (/workspaces/Kid-Friendly-Map-v1/node_modules/jest-circus/build/run.js:121:9)\n    at run (/workspaces/Kid-Friendly-Map-v1/node_modules/jest-circus/build/run.js:71:3)\n    at runAndTransformResultsToJestFormat (/workspaces/Kid-Friendly-Map-v1/node_modules/jest-circus/build/legacy-code-todo-rewrite/jestAdapterInit.js:122:21)\n    at jestAdapter (/workspaces/Kid-Friendly-Map-v1/node_modules/jest-circus/build/legacy-code-todo-rewrite/jestAdapter.js:79:19)\n    at runTestInternal (/workspaces/Kid-Friendly-Map-v1/node_modules/jest-runner/build/runTest.js:367:16)\n    at runTest (/workspaces/Kid-Friendly-Map-v1/node_modules/jest-runner/build/runTest.js:444:34)"
          ],
          "fullName": "OTP2 Service Integration Real-time Data should fetch real-time arrivals",
          "invocations": 1,
          "location": null,
          "numPassingAsserts": 0,
          "retryReasons": [],
          "status": "failed",
          "title": "should fetch real-time arrivals"
        },
        {
          "ancestorTitles": ["Unified Routing Service Integration"],
          "duration": 14,
          "failureDetails": [
            {
              "matcherResult": {
                "message": "\u001b[2mexpect(\u001b[22m\u001b[31mreceived\u001b[39m\u001b[2m).\u001b[22mtoHaveLength\u001b[2m(\u001b[22m\u001b[32mexpected\u001b[39m\u001b[2m)\u001b[22m\n\nExpected length: \u001b[32m2\u001b[39m\nReceived length: \u001b[31m0\u001b[39m\nReceived array:  \u001b[31m[]\u001b[39m",
                "pass": false
              }
            }
          ],
          "failureMessages": [
            "Error: \u001b[2mexpect(\u001b[22m\u001b[31mreceived\u001b[39m\u001b[2m).\u001b[22mtoHaveLength\u001b[2m(\u001b[22m\u001b[32mexpected\u001b[39m\u001b[2m)\u001b[22m\n\nExpected length: \u001b[32m2\u001b[39m\nReceived length: \u001b[31m0\u001b[39m\nReceived array:  \u001b[31m[]\u001b[39m\n    at Object.<anonymous> (/workspaces/Kid-Friendly-Map-v1/__tests__/routing-integration.test.ts:490:20)"
          ],
          "fullName": "Unified Routing Service Integration should combine ORS and OTP2 routes",
          "invocations": 1,
          "location": null,
          "numPassingAsserts": 0,
          "retryReasons": [],
          "status": "failed",
          "title": "should combine ORS and OTP2 routes"
        },
        {
          "ancestorTitles": ["Unified Routing Service Integration"],
          "duration": 2,
          "failureDetails": [
            {
              "matcherResult": {
                "message": "\u001b[2mexpect(\u001b[22m\u001b[31mreceived\u001b[39m\u001b[2m).\u001b[22mtoHaveLength\u001b[2m(\u001b[22m\u001b[32mexpected\u001b[39m\u001b[2m)\u001b[22m\n\nExpected length: \u001b[32m1\u001b[39m\nReceived length: \u001b[31m0\u001b[39m\nReceived array:  \u001b[31m[]\u001b[39m",
                "pass": false
              }
            }
          ],
          "failureMessages": [
            "Error: \u001b[2mexpect(\u001b[22m\u001b[31mreceived\u001b[39m\u001b[2m).\u001b[22mtoHaveLength\u001b[2m(\u001b[22m\u001b[32mexpected\u001b[39m\u001b[2m)\u001b[22m\n\nExpected length: \u001b[32m1\u001b[39m\nReceived length: \u001b[31m0\u001b[39m\nReceived array:  \u001b[31m[]\u001b[39m\n    at Object.<anonymous> (/workspaces/Kid-Friendly-Map-v1/__tests__/routing-integration.test.ts:540:20)"
          ],
          "fullName": "Unified Routing Service Integration should calculate safety scores correctly",
          "invocations": 1,
          "location": null,
          "numPassingAsserts": 0,
          "retryReasons": [],
          "status": "failed",
          "title": "should calculate safety scores correctly"
        },
        {
          "ancestorTitles": ["Unified Routing Service Integration"],
          "duration": 13,
          "failureDetails": [
            {
              "matcherResult": {
                "message": "\u001b[2mexpect(\u001b[22m\u001b[31mreceived\u001b[39m\u001b[2m).\u001b[22mtoHaveLength\u001b[2m(\u001b[22m\u001b[32mexpected\u001b[39m\u001b[2m)\u001b[22m\n\nExpected length: \u001b[32m1\u001b[39m\nReceived length: \u001b[31m0\u001b[39m\nReceived array:  \u001b[31m[]\u001b[39m",
                "pass": false
              }
            }
          ],
          "failureMessages": [
            "Error: \u001b[2mexpect(\u001b[22m\u001b[31mreceived\u001b[39m\u001b[2m).\u001b[22mtoHaveLength\u001b[2m(\u001b[22m\u001b[32mexpected\u001b[39m\u001b[2m)\u001b[22m\n\nExpected length: \u001b[32m1\u001b[39m\nReceived length: \u001b[31m0\u001b[39m\nReceived array:  \u001b[31m[]\u001b[39m\n    at Object.<anonymous> (/workspaces/Kid-Friendly-Map-v1/__tests__/routing-integration.test.ts:575:20)"
          ],
          "fullName": "Unified Routing Service Integration should handle accessibility preferences",
          "invocations": 1,
          "location": null,
          "numPassingAsserts": 0,
          "retryReasons": [],
          "status": "failed",
          "title": "should handle accessibility preferences"
        },
        {
          "ancestorTitles": ["Unified Routing Service Integration"],
          "duration": 3,
          "failureDetails": [
            {
              "matcherResult": {
                "message": "\u001b[2mexpect(\u001b[22m\u001b[31mreceived\u001b[39m\u001b[2m).\u001b[22mtoHaveLength\u001b[2m(\u001b[22m\u001b[32mexpected\u001b[39m\u001b[2m)\u001b[22m\n\nExpected length: \u001b[32m2\u001b[39m\nReceived length: \u001b[31m0\u001b[39m\nReceived array:  \u001b[31m[]\u001b[39m",
                "pass": false
              }
            }
          ],
          "failureMessages": [
            "Error: \u001b[2mexpect(\u001b[22m\u001b[31mreceived\u001b[39m\u001b[2m).\u001b[22mtoHaveLength\u001b[2m(\u001b[22m\u001b[32mexpected\u001b[39m\u001b[2m)\u001b[22m\n\nExpected length: \u001b[32m2\u001b[39m\nReceived length: \u001b[31m0\u001b[39m\nReceived array:  \u001b[31m[]\u001b[39m\n    at Object.<anonymous> (/workspaces/Kid-Friendly-Map-v1/__tests__/routing-integration.test.ts:632:20)"
          ],
          "fullName": "Unified Routing Service Integration should sort routes by preference",
          "invocations": 1,
          "location": null,
          "numPassingAsserts": 0,
          "retryReasons": [],
          "status": "failed",
          "title": "should sort routes by preference"
        },
        {
          "ancestorTitles": ["Unified Routing Service Integration"],
          "duration": 3,
          "failureDetails": [
            {
              "matcherResult": {
                "message": "\u001b[2mexpect(\u001b[22m\u001b[31mreceived\u001b[39m\u001b[2m).\u001b[22mtoHaveLength\u001b[2m(\u001b[22m\u001b[32mexpected\u001b[39m\u001b[2m)\u001b[22m\n\nExpected length: \u001b[32m1\u001b[39m\nReceived length: \u001b[31m0\u001b[39m\nReceived array:  \u001b[31m[]\u001b[39m",
                "pass": false
              }
            }
          ],
          "failureMessages": [
            "Error: \u001b[2mexpect(\u001b[22m\u001b[31mreceived\u001b[39m\u001b[2m).\u001b[22mtoHaveLength\u001b[2m(\u001b[22m\u001b[32mexpected\u001b[39m\u001b[2m)\u001b[22m\n\nExpected length: \u001b[32m1\u001b[39m\nReceived length: \u001b[31m0\u001b[39m\nReceived array:  \u001b[31m[]\u001b[39m\n    at Object.<anonymous> (/workspaces/Kid-Friendly-Map-v1/__tests__/routing-integration.test.ts:668:20)"
          ],
          "fullName": "Unified Routing Service Integration should handle API failures gracefully",
          "invocations": 1,
          "location": null,
          "numPassingAsserts": 0,
          "retryReasons": [],
          "status": "failed",
          "title": "should handle API failures gracefully"
        },
        {
          "ancestorTitles": ["Unified Routing Service Integration"],
          "duration": 4,
          "failureDetails": [],
          "failureMessages": [],
          "fullName": "Unified Routing Service Integration should return empty array when all services fail",
          "invocations": 1,
          "location": null,
          "numPassingAsserts": 1,
          "retryReasons": [],
          "status": "passed",
          "title": "should return empty array when all services fail"
        },
        {
          "ancestorTitles": ["Performance and Caching"],
          "duration": 1,
          "failureDetails": [{}],
          "failureMessages": [
            "TypeError: AbortSignal.timeout is not a function\n    at OpenRouteService.makeRouteRequest (/workspaces/Kid-Friendly-Map-v1/utils/orsService.ts:480:31)\n    at OpenRouteService.getRoute (/workspaces/Kid-Friendly-Map-v1/utils/orsService.ts:164:35)\n    at Object.<anonymous> (/workspaces/Kid-Friendly-Map-v1/__tests__/routing-integration.test.ts:713:21)"
          ],
          "fullName": "Performance and Caching should cache ORS route responses",
          "invocations": 1,
          "location": null,
          "numPassingAsserts": 0,
          "retryReasons": [],
          "status": "failed",
          "title": "should cache ORS route responses"
        },
        {
          "ancestorTitles": ["Performance and Caching"],
          "duration": 1,
          "failureDetails": [{}],
          "failureMessages": [
            "TypeError: AbortSignal.timeout is not a function\n    at OpenRouteService.makeRouteRequest (/workspaces/Kid-Friendly-Map-v1/utils/orsService.ts:480:31)\n    at OpenRouteService.getRoute (/workspaces/Kid-Friendly-Map-v1/utils/orsService.ts:164:35)\n    at async Promise.all (index 0)\n    at Object.<anonymous> (/workspaces/Kid-Friendly-Map-v1/__tests__/routing-integration.test.ts:756:21)"
          ],
          "fullName": "Performance and Caching should handle concurrent requests efficiently",
          "invocations": 1,
          "location": null,
          "numPassingAsserts": 0,
          "retryReasons": [],
          "status": "failed",
          "title": "should handle concurrent requests efficiently"
        }
      ],
      "endTime": 1760202126353,
      "message": "\u001b[1m\u001b[31m  \u001b[1m● \u001b[22m\u001b[1mORS Service Integration › Basic Routing › should get walking route successfully\u001b[39m\u001b[22m\n\n    TypeError: AbortSignal.timeout is not a function\n\u001b[2m\u001b[22m\n\u001b[2m    \u001b[0m \u001b[90m 478 |\u001b[39m           }\u001b[33m,\u001b[39m\u001b[22m\n\u001b[2m     \u001b[90m 479 |\u001b[39m           body\u001b[33m:\u001b[39m \u001b[33mJSON\u001b[39m\u001b[33m.\u001b[39mstringify(body)\u001b[33m,\u001b[39m\u001b[22m\n\u001b[2m    \u001b[31m\u001b[1m>\u001b[22m\u001b[2m\u001b[39m\u001b[90m 480 |\u001b[39m           signal\u001b[33m:\u001b[39m \u001b[33mAbortSignal\u001b[39m\u001b[33m.\u001b[39mtimeout(\u001b[36mthis\u001b[39m\u001b[33m.\u001b[39mconfig\u001b[33m.\u001b[39mtimeout)\u001b[33m,\u001b[39m\u001b[22m\n\u001b[2m     \u001b[90m     |\u001b[39m                               \u001b[31m\u001b[1m^\u001b[22m\u001b[2m\u001b[39m\u001b[22m\n\u001b[2m     \u001b[90m 481 |\u001b[39m         })\u001b[33m;\u001b[39m\u001b[22m\n\u001b[2m     \u001b[90m 482 |\u001b[39m\u001b[22m\n\u001b[2m     \u001b[90m 483 |\u001b[39m         \u001b[36mif\u001b[39m (\u001b[33m!\u001b[39mresponse\u001b[33m.\u001b[39mok) {\u001b[0m\u001b[22m\n\u001b[2m\u001b[22m\n\u001b[2m      \u001b[2mat OpenRouteService.makeRouteRequest (\u001b[22m\u001b[2mutils/orsService.ts\u001b[2m:480:31)\u001b[22m\u001b[2m\u001b[22m\n\u001b[2m      \u001b[2mat OpenRouteService.getRoute (\u001b[22m\u001b[2mutils/orsService.ts\u001b[2m:164:35)\u001b[22m\u001b[2m\u001b[22m\n\u001b[2m      \u001b[2mat Object.<anonymous> (\u001b[22m\u001b[2m\u001b[0m\u001b[36m__tests__/routing-integration.test.ts\u001b[39m\u001b[0m\u001b[2m:75:22)\u001b[22m\u001b[2m\u001b[22m\n\n\u001b[1m\u001b[31m  \u001b[1m● \u001b[22m\u001b[1mORS Service Integration › Basic Routing › should handle API errors gracefully\u001b[39m\u001b[22m\n\n    \u001b[2mexpect(\u001b[22m\u001b[31mreceived\u001b[39m\u001b[2m).\u001b[22mrejects\u001b[2m.\u001b[22mtoThrow\u001b[2m(\u001b[22m\u001b[32mexpected\u001b[39m\u001b[2m)\u001b[22m\n\n    Expected substring: \u001b[32m\"ORS API error\"\u001b[39m\n    Received message:   \u001b[31m\"AbortSignal.timeout is not a function\"\u001b[39m\n\n        \u001b[0m \u001b[90m 478 |\u001b[39m           }\u001b[33m,\u001b[39m\n         \u001b[90m 479 |\u001b[39m           body\u001b[33m:\u001b[39m \u001b[33mJSON\u001b[39m\u001b[33m.\u001b[39mstringify(body)\u001b[33m,\u001b[39m\n        \u001b[31m\u001b[1m>\u001b[22m\u001b[39m\u001b[90m 480 |\u001b[39m           signal\u001b[33m:\u001b[39m \u001b[33mAbortSignal\u001b[39m\u001b[33m.\u001b[39mtimeout(\u001b[36mthis\u001b[39m\u001b[33m.\u001b[39mconfig\u001b[33m.\u001b[39mtimeout)\u001b[33m,\u001b[39m\n         \u001b[90m     |\u001b[39m                               \u001b[31m\u001b[1m^\u001b[22m\u001b[39m\n         \u001b[90m 481 |\u001b[39m         })\u001b[33m;\u001b[39m\n         \u001b[90m 482 |\u001b[39m\n         \u001b[90m 483 |\u001b[39m         \u001b[36mif\u001b[39m (\u001b[33m!\u001b[39mresponse\u001b[33m.\u001b[39mok) {\u001b[0m\n\n          \u001b[2mat OpenRouteService.makeRouteRequest (\u001b[22mutils/orsService.ts\u001b[2m:480:31)\u001b[22m\n          \u001b[2mat OpenRouteService.getRoute (\u001b[22mutils/orsService.ts\u001b[2m:164:35)\u001b[22m\n          \u001b[2mat Object.<anonymous> (\u001b[22m__tests__/routing-integration.test.ts\u001b[2m:102:7)\u001b[22m\n\u001b[2m\u001b[22m\n\u001b[2m    \u001b[0m \u001b[90m 105 |\u001b[39m           profile\u001b[33m:\u001b[39m \u001b[32m'foot-walking'\u001b[39m\u001b[33m,\u001b[39m\u001b[22m\n\u001b[2m     \u001b[90m 106 |\u001b[39m         })\u001b[33m,\u001b[39m\u001b[22m\n\u001b[2m    \u001b[31m\u001b[1m>\u001b[22m\u001b[2m\u001b[39m\u001b[90m 107 |\u001b[39m       )\u001b[33m.\u001b[39mrejects\u001b[33m.\u001b[39mtoThrow(\u001b[32m'ORS API error'\u001b[39m)\u001b[33m;\u001b[39m\u001b[22m\n\u001b[2m     \u001b[90m     |\u001b[39m                 \u001b[31m\u001b[1m^\u001b[22m\u001b[2m\u001b[39m\u001b[22m\n\u001b[2m     \u001b[90m 108 |\u001b[39m     })\u001b[33m;\u001b[39m\u001b[22m\n\u001b[2m     \u001b[90m 109 |\u001b[39m\u001b[22m\n\u001b[2m     \u001b[90m 110 |\u001b[39m     it(\u001b[32m'should retry on network failures'\u001b[39m\u001b[33m,\u001b[39m \u001b[36masync\u001b[39m () \u001b[33m=>\u001b[39m {\u001b[0m\u001b[22m\n\u001b[2m\u001b[22m\n\u001b[2m      \u001b[2mat Object.toThrow (\u001b[22m\u001b[2mnode_modules/expect/build/index.js\u001b[2m:218:22)\u001b[22m\u001b[2m\u001b[22m\n\u001b[2m      \u001b[2mat Object.<anonymous> (\u001b[22m\u001b[2m\u001b[0m\u001b[36m__tests__/routing-integration.test.ts\u001b[39m\u001b[0m\u001b[2m:107:17)\u001b[22m\u001b[2m\u001b[22m\n\n\u001b[1m\u001b[31m  \u001b[1m● \u001b[22m\u001b[1mORS Service Integration › Basic Routing › should retry on network failures\u001b[39m\u001b[22m\n\n    TypeError: AbortSignal.timeout is not a function\n\u001b[2m\u001b[22m\n\u001b[2m    \u001b[0m \u001b[90m 478 |\u001b[39m           }\u001b[33m,\u001b[39m\u001b[22m\n\u001b[2m     \u001b[90m 479 |\u001b[39m           body\u001b[33m:\u001b[39m \u001b[33mJSON\u001b[39m\u001b[33m.\u001b[39mstringify(body)\u001b[33m,\u001b[39m\u001b[22m\n\u001b[2m    \u001b[31m\u001b[1m>\u001b[22m\u001b[2m\u001b[39m\u001b[90m 480 |\u001b[39m           signal\u001b[33m:\u001b[39m \u001b[33mAbortSignal\u001b[39m\u001b[33m.\u001b[39mtimeout(\u001b[36mthis\u001b[39m\u001b[33m.\u001b[39mconfig\u001b[33m.\u001b[39mtimeout)\u001b[33m,\u001b[39m\u001b[22m\n\u001b[2m     \u001b[90m     |\u001b[39m                               \u001b[31m\u001b[1m^\u001b[22m\u001b[2m\u001b[39m\u001b[22m\n\u001b[2m     \u001b[90m 481 |\u001b[39m         })\u001b[33m;\u001b[39m\u001b[22m\n\u001b[2m     \u001b[90m 482 |\u001b[39m\u001b[22m\n\u001b[2m     \u001b[90m 483 |\u001b[39m         \u001b[36mif\u001b[39m (\u001b[33m!\u001b[39mresponse\u001b[33m.\u001b[39mok) {\u001b[0m\u001b[22m\n\u001b[2m\u001b[22m\n\u001b[2m      \u001b[2mat OpenRouteService.makeRouteRequest (\u001b[22m\u001b[2mutils/orsService.ts\u001b[2m:480:31)\u001b[22m\u001b[2m\u001b[22m\n\u001b[2m      \u001b[2mat OpenRouteService.getRoute (\u001b[22m\u001b[2mutils/orsService.ts\u001b[2m:164:35)\u001b[22m\u001b[2m\u001b[22m\n\u001b[2m      \u001b[2mat Object.<anonymous> (\u001b[22m\u001b[2m\u001b[0m\u001b[36m__tests__/routing-integration.test.ts\u001b[39m\u001b[0m\u001b[2m:127:22)\u001b[22m\u001b[2m\u001b[22m\n\n\u001b[1m\u001b[31m  \u001b[1m● \u001b[22m\u001b[1mORS Service Integration › Kid-Friendly Features › should apply kid-friendly modifications\u001b[39m\u001b[22m\n\n    TypeError: AbortSignal.timeout is not a function\n\u001b[2m\u001b[22m\n\u001b[2m    \u001b[0m \u001b[90m 478 |\u001b[39m           }\u001b[33m,\u001b[39m\u001b[22m\n\u001b[2m     \u001b[90m 479 |\u001b[39m           body\u001b[33m:\u001b[39m \u001b[33mJSON\u001b[39m\u001b[33m.\u001b[39mstringify(body)\u001b[33m,\u001b[39m\u001b[22m\n\u001b[2m    \u001b[31m\u001b[1m>\u001b[22m\u001b[2m\u001b[39m\u001b[90m 480 |\u001b[39m           signal\u001b[33m:\u001b[39m \u001b[33mAbortSignal\u001b[39m\u001b[33m.\u001b[39mtimeout(\u001b[36mthis\u001b[39m\u001b[33m.\u001b[39mconfig\u001b[33m.\u001b[39mtimeout)\u001b[33m,\u001b[39m\u001b[22m\n\u001b[2m     \u001b[90m     |\u001b[39m                               \u001b[31m\u001b[1m^\u001b[22m\u001b[2m\u001b[39m\u001b[22m\n\u001b[2m     \u001b[90m 481 |\u001b[39m         })\u001b[33m;\u001b[39m\u001b[22m\n\u001b[2m     \u001b[90m 482 |\u001b[39m\u001b[22m\n\u001b[2m     \u001b[90m 483 |\u001b[39m         \u001b[36mif\u001b[39m (\u001b[33m!\u001b[39mresponse\u001b[33m.\u001b[39mok) {\u001b[0m\u001b[22m\n\u001b[2m\u001b[22m\n\u001b[2m      \u001b[2mat OpenRouteService.makeRouteRequest (\u001b[22m\u001b[2mutils/orsService.ts\u001b[2m:480:31)\u001b[22m\u001b[2m\u001b[22m\n\u001b[2m      \u001b[2mat OpenRouteService.getRoute (\u001b[22m\u001b[2mutils/orsService.ts\u001b[2m:164:35)\u001b[22m\u001b[2m\u001b[22m\n\u001b[2m      \u001b[2mat Object.<anonymous> (\u001b[22m\u001b[2m\u001b[0m\u001b[36m__tests__/routing-integration.test.ts\u001b[39m\u001b[0m\u001b[2m:158:22)\u001b[22m\u001b[2m\u001b[22m\n\n\u001b[1m\u001b[31m  \u001b[1m● \u001b[22m\u001b[1mORS Service Integration › Kid-Friendly Features › should calculate safety scores for kid routes\u001b[39m\u001b[22m\n\n    TypeError: AbortSignal.timeout is not a function\n\u001b[2m\u001b[22m\n\u001b[2m    \u001b[0m \u001b[90m 478 |\u001b[39m           }\u001b[33m,\u001b[39m\u001b[22m\n\u001b[2m     \u001b[90m 479 |\u001b[39m           body\u001b[33m:\u001b[39m \u001b[33mJSON\u001b[39m\u001b[33m.\u001b[39mstringify(body)\u001b[33m,\u001b[39m\u001b[22m\n\u001b[2m    \u001b[31m\u001b[1m>\u001b[22m\u001b[2m\u001b[39m\u001b[90m 480 |\u001b[39m           signal\u001b[33m:\u001b[39m \u001b[33mAbortSignal\u001b[39m\u001b[33m.\u001b[39mtimeout(\u001b[36mthis\u001b[39m\u001b[33m.\u001b[39mconfig\u001b[33m.\u001b[39mtimeout)\u001b[33m,\u001b[39m\u001b[22m\n\u001b[2m     \u001b[90m     |\u001b[39m                               \u001b[31m\u001b[1m^\u001b[22m\u001b[2m\u001b[39m\u001b[22m\n\u001b[2m     \u001b[90m 481 |\u001b[39m         })\u001b[33m;\u001b[39m\u001b[22m\n\u001b[2m     \u001b[90m 482 |\u001b[39m\u001b[22m\n\u001b[2m     \u001b[90m 483 |\u001b[39m         \u001b[36mif\u001b[39m (\u001b[33m!\u001b[39mresponse\u001b[33m.\u001b[39mok) {\u001b[0m\u001b[22m\n\u001b[2m\u001b[22m\n\u001b[2m      \u001b[2mat OpenRouteService.makeRouteRequest (\u001b[22m\u001b[2mutils/orsService.ts\u001b[2m:480:31)\u001b[22m\u001b[2m\u001b[22m\n\u001b[2m      \u001b[2mat OpenRouteService.getRoute (\u001b[22m\u001b[2mutils/orsService.ts\u001b[2m:164:35)\u001b[22m\u001b[2m\u001b[22m\n\u001b[2m      \u001b[2mat Object.<anonymous> (\u001b[22m\u001b[2m\u001b[0m\u001b[36m__tests__/routing-integration.test.ts\u001b[39m\u001b[0m\u001b[2m:203:22)\u001b[22m\u001b[2m\u001b[22m\n\n\u001b[1m\u001b[31m  \u001b[1m● \u001b[22m\u001b[1mORS Service Integration › Accessibility Features › should request wheelchair accessible routes\u001b[39m\u001b[22m\n\n    TypeError: AbortSignal.timeout is not a function\n\u001b[2m\u001b[22m\n\u001b[2m    \u001b[0m \u001b[90m 478 |\u001b[39m           }\u001b[33m,\u001b[39m\u001b[22m\n\u001b[2m     \u001b[90m 479 |\u001b[39m           body\u001b[33m:\u001b[39m \u001b[33mJSON\u001b[39m\u001b[33m.\u001b[39mstringify(body)\u001b[33m,\u001b[39m\u001b[22m\n\u001b[2m    \u001b[31m\u001b[1m>\u001b[22m\u001b[2m\u001b[39m\u001b[90m 480 |\u001b[39m           signal\u001b[33m:\u001b[39m \u001b[33mAbortSignal\u001b[39m\u001b[33m.\u001b[39mtimeout(\u001b[36mthis\u001b[39m\u001b[33m.\u001b[39mconfig\u001b[33m.\u001b[39mtimeout)\u001b[33m,\u001b[39m\u001b[22m\n\u001b[2m     \u001b[90m     |\u001b[39m                               \u001b[31m\u001b[1m^\u001b[22m\u001b[2m\u001b[39m\u001b[22m\n\u001b[2m     \u001b[90m 481 |\u001b[39m         })\u001b[33m;\u001b[39m\u001b[22m\n\u001b[2m     \u001b[90m 482 |\u001b[39m\u001b[22m\n\u001b[2m     \u001b[90m 483 |\u001b[39m         \u001b[36mif\u001b[39m (\u001b[33m!\u001b[39mresponse\u001b[33m.\u001b[39mok) {\u001b[0m\u001b[22m\n\u001b[2m\u001b[22m\n\u001b[2m      \u001b[2mat OpenRouteService.makeRouteRequest (\u001b[22m\u001b[2mutils/orsService.ts\u001b[2m:480:31)\u001b[22m\u001b[2m\u001b[22m\n\u001b[2m      \u001b[2mat OpenRouteService.getRoute (\u001b[22m\u001b[2mutils/orsService.ts\u001b[2m:164:35)\u001b[22m\u001b[2m\u001b[22m\n\u001b[2m      \u001b[2mat Object.<anonymous> (\u001b[22m\u001b[2m\u001b[0m\u001b[36m__tests__/routing-integration.test.ts\u001b[39m\u001b[0m\u001b[2m:226:22)\u001b[22m\u001b[2m\u001b[22m\n\n\u001b[1m\u001b[31m  \u001b[1m● \u001b[22m\u001b[1mOTP2 Service Integration › Trip Planning › should plan transit trip successfully\u001b[39m\u001b[22m\n\n    TypeError: AbortSignal.timeout is not a function\n\u001b[2m\u001b[22m\n\u001b[2m    \u001b[0m \u001b[90m 585 |\u001b[39m         \u001b[33mAccept\u001b[39m\u001b[33m:\u001b[39m \u001b[32m'application/json'\u001b[39m\u001b[33m,\u001b[39m\u001b[22m\n\u001b[2m     \u001b[90m 586 |\u001b[39m       }\u001b[33m,\u001b[39m\u001b[22m\n\u001b[2m    \u001b[31m\u001b[1m>\u001b[22m\u001b[2m\u001b[39m\u001b[90m 587 |\u001b[39m       signal\u001b[33m:\u001b[39m \u001b[33mAbortSignal\u001b[39m\u001b[33m.\u001b[39mtimeout(\u001b[36mthis\u001b[39m\u001b[33m.\u001b[39mconfig\u001b[33m.\u001b[39mtimeout)\u001b[33m,\u001b[39m\u001b[22m\n\u001b[2m     \u001b[90m     |\u001b[39m                           \u001b[31m\u001b[1m^\u001b[22m\u001b[2m\u001b[39m\u001b[22m\n\u001b[2m     \u001b[90m 588 |\u001b[39m     })\u001b[33m;\u001b[39m\u001b[22m\n\u001b[2m     \u001b[90m 589 |\u001b[39m\u001b[22m\n\u001b[2m     \u001b[90m 590 |\u001b[39m     \u001b[36mif\u001b[39m (\u001b[33m!\u001b[39mresponse\u001b[33m.\u001b[39mok) {\u001b[0m\u001b[22m\n\u001b[2m\u001b[22m\n\u001b[2m      \u001b[2mat OpenTripPlanner2.makePlanRequest (\u001b[22m\u001b[2mutils/otp2Service.ts\u001b[2m:587:27)\u001b[22m\u001b[2m\u001b[22m\n\u001b[2m      \u001b[2mat OpenTripPlanner2.planTrip (\u001b[22m\u001b[2mutils/otp2Service.ts\u001b[2m:239:35)\u001b[22m\u001b[2m\u001b[22m\n\u001b[2m      \u001b[2mat Object.<anonymous> (\u001b[22m\u001b[2m\u001b[0m\u001b[36m__tests__/routing-integration.test.ts\u001b[39m\u001b[0m\u001b[2m:282:22)\u001b[22m\u001b[2m\u001b[22m\n\n\u001b[1m\u001b[31m  \u001b[1m● \u001b[22m\u001b[1mOTP2 Service Integration › Trip Planning › should handle no routes found\u001b[39m\u001b[22m\n\n    TypeError: AbortSignal.timeout is not a function\n\u001b[2m\u001b[22m\n\u001b[2m    \u001b[0m \u001b[90m 585 |\u001b[39m         \u001b[33mAccept\u001b[39m\u001b[33m:\u001b[39m \u001b[32m'application/json'\u001b[39m\u001b[33m,\u001b[39m\u001b[22m\n\u001b[2m     \u001b[90m 586 |\u001b[39m       }\u001b[33m,\u001b[39m\u001b[22m\n\u001b[2m    \u001b[31m\u001b[1m>\u001b[22m\u001b[2m\u001b[39m\u001b[90m 587 |\u001b[39m       signal\u001b[33m:\u001b[39m \u001b[33mAbortSignal\u001b[39m\u001b[33m.\u001b[39mtimeout(\u001b[36mthis\u001b[39m\u001b[33m.\u001b[39mconfig\u001b[33m.\u001b[39mtimeout)\u001b[33m,\u001b[39m\u001b[22m\n\u001b[2m     \u001b[90m     |\u001b[39m                           \u001b[31m\u001b[1m^\u001b[22m\u001b[2m\u001b[39m\u001b[22m\n\u001b[2m     \u001b[90m 588 |\u001b[39m     })\u001b[33m;\u001b[39m\u001b[22m\n\u001b[2m     \u001b[90m 589 |\u001b[39m\u001b[22m\n\u001b[2m     \u001b[90m 590 |\u001b[39m     \u001b[36mif\u001b[39m (\u001b[33m!\u001b[39mresponse\u001b[33m.\u001b[39mok) {\u001b[0m\u001b[22m\n\u001b[2m\u001b[22m\n\u001b[2m      \u001b[2mat OpenTripPlanner2.makePlanRequest (\u001b[22m\u001b[2mutils/otp2Service.ts\u001b[2m:587:27)\u001b[22m\u001b[2m\u001b[22m\n\u001b[2m      \u001b[2mat OpenTripPlanner2.planTrip (\u001b[22m\u001b[2mutils/otp2Service.ts\u001b[2m:239:35)\u001b[22m\u001b[2m\u001b[22m\n\u001b[2m      \u001b[2mat Object.<anonymous> (\u001b[22m\u001b[2m\u001b[0m\u001b[36m__tests__/routing-integration.test.ts\u001b[39m\u001b[0m\u001b[2m:314:22)\u001b[22m\u001b[2m\u001b[22m\n\n\u001b[1m\u001b[31m  \u001b[1m● \u001b[22m\u001b[1mOTP2 Service Integration › Kid-Friendly Transit › should apply kid-friendly transit options\u001b[39m\u001b[22m\n\n    TypeError: AbortSignal.timeout is not a function\n\u001b[2m\u001b[22m\n\u001b[2m    \u001b[0m \u001b[90m 585 |\u001b[39m         \u001b[33mAccept\u001b[39m\u001b[33m:\u001b[39m \u001b[32m'application/json'\u001b[39m\u001b[33m,\u001b[39m\u001b[22m\n\u001b[2m     \u001b[90m 586 |\u001b[39m       }\u001b[33m,\u001b[39m\u001b[22m\n\u001b[2m    \u001b[31m\u001b[1m>\u001b[22m\u001b[2m\u001b[39m\u001b[90m 587 |\u001b[39m       signal\u001b[33m:\u001b[39m \u001b[33mAbortSignal\u001b[39m\u001b[33m.\u001b[39mtimeout(\u001b[36mthis\u001b[39m\u001b[33m.\u001b[39mconfig\u001b[33m.\u001b[39mtimeout)\u001b[33m,\u001b[39m\u001b[22m\n\u001b[2m     \u001b[90m     |\u001b[39m                           \u001b[31m\u001b[1m^\u001b[22m\u001b[2m\u001b[39m\u001b[22m\n\u001b[2m     \u001b[90m 588 |\u001b[39m     })\u001b[33m;\u001b[39m\u001b[22m\n\u001b[2m     \u001b[90m 589 |\u001b[39m\u001b[22m\n\u001b[2m     \u001b[90m 590 |\u001b[39m     \u001b[36mif\u001b[39m (\u001b[33m!\u001b[39mresponse\u001b[33m.\u001b[39mok) {\u001b[0m\u001b[22m\n\u001b[2m\u001b[22m\n\u001b[2m      \u001b[2mat OpenTripPlanner2.makePlanRequest (\u001b[22m\u001b[2mutils/otp2Service.ts\u001b[2m:587:27)\u001b[22m\u001b[2m\u001b[22m\n\u001b[2m      \u001b[2mat OpenTripPlanner2.planTrip (\u001b[22m\u001b[2mutils/otp2Service.ts\u001b[2m:239:35)\u001b[22m\u001b[2m\u001b[22m\n\u001b[2m      \u001b[2mat Object.<anonymous> (\u001b[22m\u001b[2m\u001b[0m\u001b[36m__tests__/routing-integration.test.ts\u001b[39m\u001b[0m\u001b[2m:349:22)\u001b[22m\u001b[2m\u001b[22m\n\n\u001b[1m\u001b[31m  \u001b[1m● \u001b[22m\u001b[1mOTP2 Service Integration › Real-time Data › should fetch stop information\u001b[39m\u001b[22m\n\n    TypeError: AbortSignal.timeout is not a function\n\u001b[2m\u001b[22m\n\u001b[2m    \u001b[0m \u001b[90m 418 |\u001b[39m           \u001b[33mAccept\u001b[39m\u001b[33m:\u001b[39m \u001b[32m'application/json'\u001b[39m\u001b[33m,\u001b[39m\u001b[22m\n\u001b[2m     \u001b[90m 419 |\u001b[39m         }\u001b[33m,\u001b[39m\u001b[22m\n\u001b[2m    \u001b[31m\u001b[1m>\u001b[22m\u001b[2m\u001b[39m\u001b[90m 420 |\u001b[39m         signal\u001b[33m:\u001b[39m \u001b[33mAbortSignal\u001b[39m\u001b[33m.\u001b[39mtimeout(\u001b[36mthis\u001b[39m\u001b[33m.\u001b[39mconfig\u001b[33m.\u001b[39mtimeout)\u001b[33m,\u001b[39m\u001b[22m\n\u001b[2m     \u001b[90m     |\u001b[39m                             \u001b[31m\u001b[1m^\u001b[22m\u001b[2m\u001b[39m\u001b[22m\n\u001b[2m     \u001b[90m 421 |\u001b[39m       })\u001b[33m;\u001b[39m\u001b[22m\n\u001b[2m     \u001b[90m 422 |\u001b[39m\u001b[22m\n\u001b[2m     \u001b[90m 423 |\u001b[39m       \u001b[36mif\u001b[39m (\u001b[33m!\u001b[39mresponse\u001b[33m.\u001b[39mok) {\u001b[0m\u001b[22m\n\u001b[2m\u001b[22m\n\u001b[2m      \u001b[2mat OpenTripPlanner2.getStopInfo (\u001b[22m\u001b[2mutils/otp2Service.ts\u001b[2m:420:29)\u001b[22m\u001b[2m\u001b[22m\n\u001b[2m      \u001b[2mat Object.<anonymous> (\u001b[22m\u001b[2m\u001b[0m\u001b[36m__tests__/routing-integration.test.ts\u001b[39m\u001b[0m\u001b[2m:383:40)\u001b[22m\u001b[2m\u001b[22m\n\n\u001b[1m\u001b[31m  \u001b[1m● \u001b[22m\u001b[1mOTP2 Service Integration › Real-time Data › should fetch real-time arrivals\u001b[39m\u001b[22m\n\n    TypeError: AbortSignal.timeout is not a function\n\u001b[2m\u001b[22m\n\u001b[2m    \u001b[0m \u001b[90m 466 |\u001b[39m           \u001b[33mAccept\u001b[39m\u001b[33m:\u001b[39m \u001b[32m'application/json'\u001b[39m\u001b[33m,\u001b[39m\u001b[22m\n\u001b[2m     \u001b[90m 467 |\u001b[39m         }\u001b[33m,\u001b[39m\u001b[22m\n\u001b[2m    \u001b[31m\u001b[1m>\u001b[22m\u001b[2m\u001b[39m\u001b[90m 468 |\u001b[39m         signal\u001b[33m:\u001b[39m \u001b[33mAbortSignal\u001b[39m\u001b[33m.\u001b[39mtimeout(\u001b[36mthis\u001b[39m\u001b[33m.\u001b[39mconfig\u001b[33m.\u001b[39mtimeout)\u001b[33m,\u001b[39m\u001b[22m\n\u001b[2m     \u001b[90m     |\u001b[39m                             \u001b[31m\u001b[1m^\u001b[22m\u001b[2m\u001b[39m\u001b[22m\n\u001b[2m     \u001b[90m 469 |\u001b[39m       })\u001b[33m;\u001b[39m\u001b[22m\n\u001b[2m     \u001b[90m 470 |\u001b[39m\u001b[22m\n\u001b[2m     \u001b[90m 471 |\u001b[39m       \u001b[36mif\u001b[39m (\u001b[33m!\u001b[39mresponse\u001b[33m.\u001b[39mok) {\u001b[0m\u001b[22m\n\u001b[2m\u001b[22m\n\u001b[2m      \u001b[2mat OpenTripPlanner2.getStopTimes (\u001b[22m\u001b[2mutils/otp2Service.ts\u001b[2m:468:29)\u001b[22m\u001b[2m\u001b[22m\n\u001b[2m      \u001b[2mat Object.<anonymous> (\u001b[22m\u001b[2m\u001b[0m\u001b[36m__tests__/routing-integration.test.ts\u001b[39m\u001b[0m\u001b[2m:414:40)\u001b[22m\u001b[2m\u001b[22m\n\n\u001b[1m\u001b[31m  \u001b[1m● \u001b[22m\u001b[1mUnified Routing Service Integration › should combine ORS and OTP2 routes\u001b[39m\u001b[22m\n\n    \u001b[2mexpect(\u001b[22m\u001b[31mreceived\u001b[39m\u001b[2m).\u001b[22mtoHaveLength\u001b[2m(\u001b[22m\u001b[32mexpected\u001b[39m\u001b[2m)\u001b[22m\n\n    Expected length: \u001b[32m2\u001b[39m\n    Received length: \u001b[31m0\u001b[39m\n    Received array:  \u001b[31m[]\u001b[39m\n\u001b[2m\u001b[22m\n\u001b[2m    \u001b[0m \u001b[90m 488 |\u001b[39m     \u001b[36mconst\u001b[39m result \u001b[33m=\u001b[39m \u001b[36mawait\u001b[39m unifiedRoutingService\u001b[33m.\u001b[39mgetRoutes(testRequest)\u001b[33m;\u001b[39m\u001b[22m\n\u001b[2m     \u001b[90m 489 |\u001b[39m\u001b[22m\n\u001b[2m    \u001b[31m\u001b[1m>\u001b[22m\u001b[2m\u001b[39m\u001b[90m 490 |\u001b[39m     expect(result)\u001b[33m.\u001b[39mtoHaveLength(\u001b[35m2\u001b[39m)\u001b[33m;\u001b[39m\u001b[22m\n\u001b[2m     \u001b[90m     |\u001b[39m                    \u001b[31m\u001b[1m^\u001b[22m\u001b[2m\u001b[39m\u001b[22m\n\u001b[2m     \u001b[90m 491 |\u001b[39m\u001b[22m\n\u001b[2m     \u001b[90m 492 |\u001b[39m     \u001b[90m// Check walking route from ORS\u001b[39m\u001b[22m\n\u001b[2m     \u001b[90m 493 |\u001b[39m     \u001b[36mconst\u001b[39m walkingRoute \u001b[33m=\u001b[39m result\u001b[33m.\u001b[39mfind((r) \u001b[33m=>\u001b[39m r\u001b[33m.\u001b[39mtype \u001b[33m===\u001b[39m \u001b[32m'walking'\u001b[39m)\u001b[33m;\u001b[39m\u001b[0m\u001b[22m\n\u001b[2m\u001b[22m\n\u001b[2m      \u001b[2mat Object.<anonymous> (\u001b[22m\u001b[2m\u001b[0m\u001b[36m__tests__/routing-integration.test.ts\u001b[39m\u001b[0m\u001b[2m:490:20)\u001b[22m\u001b[2m\u001b[22m\n\n\u001b[1m\u001b[31m  \u001b[1m● \u001b[22m\u001b[1mUnified Routing Service Integration › should calculate safety scores correctly\u001b[39m\u001b[22m\n\n    \u001b[2mexpect(\u001b[22m\u001b[31mreceived\u001b[39m\u001b[2m).\u001b[22mtoHaveLength\u001b[2m(\u001b[22m\u001b[32mexpected\u001b[39m\u001b[2m)\u001b[22m\n\n    Expected length: \u001b[32m1\u001b[39m\n    Received length: \u001b[31m0\u001b[39m\n    Received array:  \u001b[31m[]\u001b[39m\n\u001b[2m\u001b[22m\n\u001b[2m    \u001b[0m \u001b[90m 538 |\u001b[39m     })\u001b[33m;\u001b[39m\u001b[22m\n\u001b[2m     \u001b[90m 539 |\u001b[39m\u001b[22m\n\u001b[2m    \u001b[31m\u001b[1m>\u001b[22m\u001b[2m\u001b[39m\u001b[90m 540 |\u001b[39m     expect(result)\u001b[33m.\u001b[39mtoHaveLength(\u001b[35m1\u001b[39m)\u001b[33m;\u001b[39m\u001b[22m\n\u001b[2m     \u001b[90m     |\u001b[39m                    \u001b[31m\u001b[1m^\u001b[22m\u001b[2m\u001b[39m\u001b[22m\n\u001b[2m     \u001b[90m 541 |\u001b[39m     expect(result[\u001b[35m0\u001b[39m]\u001b[33m.\u001b[39msafetyScore)\u001b[33m.\u001b[39mtoBeGreaterThan(\u001b[35m70\u001b[39m)\u001b[33m;\u001b[39m \u001b[90m// Park route should be safe\u001b[39m\u001b[22m\n\u001b[2m     \u001b[90m 542 |\u001b[39m     expect(result[\u001b[35m0\u001b[39m]\u001b[33m.\u001b[39mkidFriendlyScore)\u001b[33m.\u001b[39mtoBeGreaterThan(\u001b[35m75\u001b[39m)\u001b[33m;\u001b[39m \u001b[90m// Park route should be kid-friendly\u001b[39m\u001b[22m\n\u001b[2m     \u001b[90m 543 |\u001b[39m   })\u001b[33m;\u001b[39m\u001b[0m\u001b[22m\n\u001b[2m\u001b[22m\n\u001b[2m      \u001b[2mat Object.<anonymous> (\u001b[22m\u001b[2m\u001b[0m\u001b[36m__tests__/routing-integration.test.ts\u001b[39m\u001b[0m\u001b[2m:540:20)\u001b[22m\u001b[2m\u001b[22m\n\n\u001b[1m\u001b[31m  \u001b[1m● \u001b[22m\u001b[1mUnified Routing Service Integration › should handle accessibility preferences\u001b[39m\u001b[22m\n\n    \u001b[2mexpect(\u001b[22m\u001b[31mreceived\u001b[39m\u001b[2m).\u001b[22mtoHaveLength\u001b[2m(\u001b[22m\u001b[32mexpected\u001b[39m\u001b[2m)\u001b[22m\n\n    Expected length: \u001b[32m1\u001b[39m\n    Received length: \u001b[31m0\u001b[39m\n    Received array:  \u001b[31m[]\u001b[39m\n\u001b[2m\u001b[22m\n\u001b[2m    \u001b[0m \u001b[90m 573 |\u001b[39m     \u001b[36mconst\u001b[39m result \u001b[33m=\u001b[39m \u001b[36mawait\u001b[39m unifiedRoutingService\u001b[33m.\u001b[39mgetRoutes(accessibleRequest)\u001b[33m;\u001b[39m\u001b[22m\n\u001b[2m     \u001b[90m 574 |\u001b[39m\u001b[22m\n\u001b[2m    \u001b[31m\u001b[1m>\u001b[22m\u001b[2m\u001b[39m\u001b[90m 575 |\u001b[39m     expect(result)\u001b[33m.\u001b[39mtoHaveLength(\u001b[35m1\u001b[39m)\u001b[33m;\u001b[39m\u001b[22m\n\u001b[2m     \u001b[90m     |\u001b[39m                    \u001b[31m\u001b[1m^\u001b[22m\u001b[2m\u001b[39m\u001b[22m\n\u001b[2m     \u001b[90m 576 |\u001b[39m     expect(result[\u001b[35m0\u001b[39m]\u001b[33m.\u001b[39maccessibilityScore)\u001b[33m.\u001b[39mtoBeGreaterThan(\u001b[35m80\u001b[39m)\u001b[33m;\u001b[39m\u001b[22m\n\u001b[2m     \u001b[90m 577 |\u001b[39m   })\u001b[33m;\u001b[39m\u001b[22m\n\u001b[2m     \u001b[90m 578 |\u001b[39m\u001b[0m\u001b[22m\n\u001b[2m\u001b[22m\n\u001b[2m      \u001b[2mat Object.<anonymous> (\u001b[22m\u001b[2m\u001b[0m\u001b[36m__tests__/routing-integration.test.ts\u001b[39m\u001b[0m\u001b[2m:575:20)\u001b[22m\u001b[2m\u001b[22m\n\n\u001b[1m\u001b[31m  \u001b[1m● \u001b[22m\u001b[1mUnified Routing Service Integration › should sort routes by preference\u001b[39m\u001b[22m\n\n    \u001b[2mexpect(\u001b[22m\u001b[31mreceived\u001b[39m\u001b[2m).\u001b[22mtoHaveLength\u001b[2m(\u001b[22m\u001b[32mexpected\u001b[39m\u001b[2m)\u001b[22m\n\n    Expected length: \u001b[32m2\u001b[39m\n    Received length: \u001b[31m0\u001b[39m\n    Received array:  \u001b[31m[]\u001b[39m\n\u001b[2m\u001b[22m\n\u001b[2m    \u001b[0m \u001b[90m 630 |\u001b[39m     })\u001b[33m;\u001b[39m\u001b[22m\n\u001b[2m     \u001b[90m 631 |\u001b[39m\u001b[22m\n\u001b[2m    \u001b[31m\u001b[1m>\u001b[22m\u001b[2m\u001b[39m\u001b[90m 632 |\u001b[39m     expect(result)\u001b[33m.\u001b[39mtoHaveLength(\u001b[35m2\u001b[39m)\u001b[33m;\u001b[39m\u001b[22m\n\u001b[2m     \u001b[90m     |\u001b[39m                    \u001b[31m\u001b[1m^\u001b[22m\u001b[2m\u001b[39m\u001b[22m\n\u001b[2m     \u001b[90m 633 |\u001b[39m     \u001b[90m// With safety priority, transit should rank higher despite being slower\u001b[39m\u001b[22m\n\u001b[2m     \u001b[90m 634 |\u001b[39m     expect(result[\u001b[35m0\u001b[39m]\u001b[33m.\u001b[39mtype)\u001b[33m.\u001b[39mtoBe(\u001b[32m'transit'\u001b[39m)\u001b[33m;\u001b[39m\u001b[22m\n\u001b[2m     \u001b[90m 635 |\u001b[39m     expect(result[\u001b[35m1\u001b[39m]\u001b[33m.\u001b[39mtype)\u001b[33m.\u001b[39mtoBe(\u001b[32m'walking'\u001b[39m)\u001b[33m;\u001b[39m\u001b[0m\u001b[22m\n\u001b[2m\u001b[22m\n\u001b[2m      \u001b[2mat Object.<anonymous> (\u001b[22m\u001b[2m\u001b[0m\u001b[36m__tests__/routing-integration.test.ts\u001b[39m\u001b[0m\u001b[2m:632:20)\u001b[22m\u001b[2m\u001b[22m\n\n\u001b[1m\u001b[31m  \u001b[1m● \u001b[22m\u001b[1mUnified Routing Service Integration › should handle API failures gracefully\u001b[39m\u001b[22m\n\n    \u001b[2mexpect(\u001b[22m\u001b[31mreceived\u001b[39m\u001b[2m).\u001b[22mtoHaveLength\u001b[2m(\u001b[22m\u001b[32mexpected\u001b[39m\u001b[2m)\u001b[22m\n\n    Expected length: \u001b[32m1\u001b[39m\n    Received length: \u001b[31m0\u001b[39m\n    Received array:  \u001b[31m[]\u001b[39m\n\u001b[2m\u001b[22m\n\u001b[2m    \u001b[0m \u001b[90m 666 |\u001b[39m     \u001b[36mconst\u001b[39m result \u001b[33m=\u001b[39m \u001b[36mawait\u001b[39m unifiedRoutingService\u001b[33m.\u001b[39mgetRoutes(testRequest)\u001b[33m;\u001b[39m\u001b[22m\n\u001b[2m     \u001b[90m 667 |\u001b[39m\u001b[22m\n\u001b[2m    \u001b[31m\u001b[1m>\u001b[22m\u001b[2m\u001b[39m\u001b[90m 668 |\u001b[39m     expect(result)\u001b[33m.\u001b[39mtoHaveLength(\u001b[35m1\u001b[39m)\u001b[33m;\u001b[39m\u001b[22m\n\u001b[2m     \u001b[90m     |\u001b[39m                    \u001b[31m\u001b[1m^\u001b[22m\u001b[2m\u001b[39m\u001b[22m\n\u001b[2m     \u001b[90m 669 |\u001b[39m     expect(result[\u001b[35m0\u001b[39m]\u001b[33m.\u001b[39msource)\u001b[33m.\u001b[39mtoBe(\u001b[32m'OTP2'\u001b[39m)\u001b[33m;\u001b[39m\u001b[22m\n\u001b[2m     \u001b[90m 670 |\u001b[39m   })\u001b[33m;\u001b[39m\u001b[22m\n\u001b[2m     \u001b[90m 671 |\u001b[39m\u001b[0m\u001b[22m\n\u001b[2m\u001b[22m\n\u001b[2m      \u001b[2mat Object.<anonymous> (\u001b[22m\u001b[2m\u001b[0m\u001b[36m__tests__/routing-integration.test.ts\u001b[39m\u001b[0m\u001b[2m:668:20)\u001b[22m\u001b[2m\u001b[22m\n\n\u001b[1m\u001b[31m  \u001b[1m● \u001b[22m\u001b[1mPerformance and Caching › should cache ORS route responses\u001b[39m\u001b[22m\n\n    TypeError: AbortSignal.timeout is not a function\n\u001b[2m\u001b[22m\n\u001b[2m    \u001b[0m \u001b[90m 478 |\u001b[39m           }\u001b[33m,\u001b[39m\u001b[22m\n\u001b[2m     \u001b[90m 479 |\u001b[39m           body\u001b[33m:\u001b[39m \u001b[33mJSON\u001b[39m\u001b[33m.\u001b[39mstringify(body)\u001b[33m,\u001b[39m\u001b[22m\n\u001b[2m    \u001b[31m\u001b[1m>\u001b[22m\u001b[2m\u001b[39m\u001b[90m 480 |\u001b[39m           signal\u001b[33m:\u001b[39m \u001b[33mAbortSignal\u001b[39m\u001b[33m.\u001b[39mtimeout(\u001b[36mthis\u001b[39m\u001b[33m.\u001b[39mconfig\u001b[33m.\u001b[39mtimeout)\u001b[33m,\u001b[39m\u001b[22m\n\u001b[2m     \u001b[90m     |\u001b[39m                               \u001b[31m\u001b[1m^\u001b[22m\u001b[2m\u001b[39m\u001b[22m\n\u001b[2m     \u001b[90m 481 |\u001b[39m         })\u001b[33m;\u001b[39m\u001b[22m\n\u001b[2m     \u001b[90m 482 |\u001b[39m\u001b[22m\n\u001b[2m     \u001b[90m 483 |\u001b[39m         \u001b[36mif\u001b[39m (\u001b[33m!\u001b[39mresponse\u001b[33m.\u001b[39mok) {\u001b[0m\u001b[22m\n\u001b[2m\u001b[22m\n\u001b[2m      \u001b[2mat OpenRouteService.makeRouteRequest (\u001b[22m\u001b[2mutils/orsService.ts\u001b[2m:480:31)\u001b[22m\u001b[2m\u001b[22m\n\u001b[2m      \u001b[2mat OpenRouteService.getRoute (\u001b[22m\u001b[2mutils/orsService.ts\u001b[2m:164:35)\u001b[22m\u001b[2m\u001b[22m\n\u001b[2m      \u001b[2mat Object.<anonymous> (\u001b[22m\u001b[2m\u001b[0m\u001b[36m__tests__/routing-integration.test.ts\u001b[39m\u001b[0m\u001b[2m:713:21)\u001b[22m\u001b[2m\u001b[22m\n\n\u001b[1m\u001b[31m  \u001b[1m● \u001b[22m\u001b[1mPerformance and Caching › should handle concurrent requests efficiently\u001b[39m\u001b[22m\n\n    TypeError: AbortSignal.timeout is not a function\n\u001b[2m\u001b[22m\n\u001b[2m    \u001b[0m \u001b[90m 478 |\u001b[39m           }\u001b[33m,\u001b[39m\u001b[22m\n\u001b[2m     \u001b[90m 479 |\u001b[39m           body\u001b[33m:\u001b[39m \u001b[33mJSON\u001b[39m\u001b[33m.\u001b[39mstringify(body)\u001b[33m,\u001b[39m\u001b[22m\n\u001b[2m    \u001b[31m\u001b[1m>\u001b[22m\u001b[2m\u001b[39m\u001b[90m 480 |\u001b[39m           signal\u001b[33m:\u001b[39m \u001b[33mAbortSignal\u001b[39m\u001b[33m.\u001b[39mtimeout(\u001b[36mthis\u001b[39m\u001b[33m.\u001b[39mconfig\u001b[33m.\u001b[39mtimeout)\u001b[33m,\u001b[39m\u001b[22m\n\u001b[2m     \u001b[90m     |\u001b[39m                               \u001b[31m\u001b[1m^\u001b[22m\u001b[2m\u001b[39m\u001b[22m\n\u001b[2m     \u001b[90m 481 |\u001b[39m         })\u001b[33m;\u001b[39m\u001b[22m\n\u001b[2m     \u001b[90m 482 |\u001b[39m\u001b[22m\n\u001b[2m     \u001b[90m 483 |\u001b[39m         \u001b[36mif\u001b[39m (\u001b[33m!\u001b[39mresponse\u001b[33m.\u001b[39mok) {\u001b[0m\u001b[22m\n\u001b[2m\u001b[22m\n\u001b[2m      \u001b[2mat OpenRouteService.makeRouteRequest (\u001b[22m\u001b[2mutils/orsService.ts\u001b[2m:480:31)\u001b[22m\u001b[2m\u001b[22m\n\u001b[2m      \u001b[2mat OpenRouteService.getRoute (\u001b[22m\u001b[2mutils/orsService.ts\u001b[2m:164:35)\u001b[22m\u001b[2m\u001b[22m\n\u001b[2m          at async Promise.all (index 0)\u001b[22m\n\u001b[2m      \u001b[2mat Object.<anonymous> (\u001b[22m\u001b[2m\u001b[0m\u001b[36m__tests__/routing-integration.test.ts\u001b[39m\u001b[0m\u001b[2m:756:21)\u001b[22m\u001b[2m\u001b[22m\n",
      "name": "/workspaces/Kid-Friendly-Map-v1/__tests__/routing-integration.test.ts",
      "startTime": 1760202121960,
      "status": "failed",
      "summary": ""
    },
    {
      "assertionResults": [
        {
          "ancestorTitles": ["Offline Validation Tests", "Network State Detection"],
          "duration": 0,
          "failureDetails": [],
          "failureMessages": [],
          "fullName": "Offline Validation Tests Network State Detection should detect when device goes offline",
          "invocations": 1,
          "location": null,
          "numPassingAsserts": 2,
          "retryReasons": [],
          "status": "passed",
          "title": "should detect when device goes offline"
        },
        {
          "ancestorTitles": ["Offline Validation Tests", "Network State Detection"],
          "duration": 0,
          "failureDetails": [],
          "failureMessages": [],
          "fullName": "Offline Validation Tests Network State Detection should detect when device comes back online",
          "invocations": 1,
          "location": null,
          "numPassingAsserts": 1,
          "retryReasons": [],
          "status": "passed",
          "title": "should detect when device comes back online"
        },
        {
          "ancestorTitles": ["Offline Validation Tests", "Network State Detection"],
          "duration": 1,
          "failureDetails": [],
          "failureMessages": [],
          "fullName": "Offline Validation Tests Network State Detection should detect network quality (wifi vs cellular)",
          "invocations": 1,
          "location": null,
          "numPassingAsserts": 1,
          "retryReasons": [],
          "status": "passed",
          "title": "should detect network quality (wifi vs cellular)"
        },
        {
          "ancestorTitles": ["Offline Validation Tests", "Network State Detection"],
          "duration": 2,
          "failureDetails": [],
          "failureMessages": [],
          "fullName": "Offline Validation Tests Network State Detection should notify listeners of network state changes",
          "invocations": 1,
          "location": null,
          "numPassingAsserts": 2,
          "retryReasons": [],
          "status": "passed",
          "title": "should notify listeners of network state changes"
        },
        {
          "ancestorTitles": ["Offline Validation Tests", "Offline Action Queue"],
          "duration": 2,
          "failureDetails": [],
          "failureMessages": [],
          "fullName": "Offline Validation Tests Offline Action Queue should queue actions when offline",
          "invocations": 1,
          "location": null,
          "numPassingAsserts": 2,
          "retryReasons": [],
          "status": "passed",
          "title": "should queue actions when offline"
        },
        {
          "ancestorTitles": ["Offline Validation Tests", "Offline Action Queue"],
          "duration": 1,
          "failureDetails": [],
          "failureMessages": [],
          "fullName": "Offline Validation Tests Offline Action Queue should persist queued actions to storage",
          "invocations": 1,
          "location": null,
          "numPassingAsserts": 1,
          "retryReasons": [],
          "status": "passed",
          "title": "should persist queued actions to storage"
        },
        {
          "ancestorTitles": ["Offline Validation Tests", "Offline Action Queue"],
          "duration": 2,
          "failureDetails": [],
          "failureMessages": [],
          "fullName": "Offline Validation Tests Offline Action Queue should track pending actions count",
          "invocations": 1,
          "location": null,
          "numPassingAsserts": 1,
          "retryReasons": [],
          "status": "passed",
          "title": "should track pending actions count"
        },
        {
          "ancestorTitles": ["Offline Validation Tests", "Offline Action Queue"],
          "duration": 2,
          "failureDetails": [],
          "failureMessages": [],
          "fullName": "Offline Validation Tests Offline Action Queue should handle multiple action types",
          "invocations": 1,
          "location": null,
          "numPassingAsserts": 3,
          "retryReasons": [],
          "status": "passed",
          "title": "should handle multiple action types"
        },
        {
          "ancestorTitles": ["Offline Validation Tests", "Offline Action Queue"],
          "duration": 1,
          "failureDetails": [],
          "failureMessages": [],
          "fullName": "Offline Validation Tests Offline Action Queue should include retry metadata in queued actions",
          "invocations": 1,
          "location": null,
          "numPassingAsserts": 1,
          "retryReasons": [],
          "status": "passed",
          "title": "should include retry metadata in queued actions"
        },
        {
          "ancestorTitles": ["Offline Validation Tests", "Offline Cache Management"],
          "duration": 2,
          "failureDetails": [],
          "failureMessages": [],
          "fullName": "Offline Validation Tests Offline Cache Management should cache API responses",
          "invocations": 1,
          "location": null,
          "numPassingAsserts": 1,
          "retryReasons": [],
          "status": "passed",
          "title": "should cache API responses"
        },
        {
          "ancestorTitles": ["Offline Validation Tests", "Offline Cache Management"],
          "duration": 0,
          "failureDetails": [],
          "failureMessages": [],
          "fullName": "Offline Validation Tests Offline Cache Management should retrieve cached responses within maxAge",
          "invocations": 1,
          "location": null,
          "numPassingAsserts": 1,
          "retryReasons": [],
          "status": "passed",
          "title": "should retrieve cached responses within maxAge"
        },
        {
          "ancestorTitles": ["Offline Validation Tests", "Offline Cache Management"],
          "duration": 0,
          "failureDetails": [],
          "failureMessages": [],
          "fullName": "Offline Validation Tests Offline Cache Management should return null for expired cache",
          "invocations": 1,
          "location": null,
          "numPassingAsserts": 1,
          "retryReasons": [],
          "status": "passed",
          "title": "should return null for expired cache"
        },
        {
          "ancestorTitles": ["Offline Validation Tests", "Offline Cache Management"],
          "duration": 0,
          "failureDetails": [],
          "failureMessages": [],
          "fullName": "Offline Validation Tests Offline Cache Management should clear all cached data",
          "invocations": 1,
          "location": null,
          "numPassingAsserts": 1,
          "retryReasons": [],
          "status": "passed",
          "title": "should clear all cached data"
        },
        {
          "ancestorTitles": ["Offline Validation Tests", "Offline Cache Management"],
          "duration": 27,
          "failureDetails": [],
          "failureMessages": [],
          "fullName": "Offline Validation Tests Offline Cache Management should handle cache corruption gracefully",
          "invocations": 1,
          "location": null,
          "numPassingAsserts": 1,
          "retryReasons": [],
          "status": "passed",
          "title": "should handle cache corruption gracefully"
        },
        {
          "ancestorTitles": ["Offline Validation Tests", "Sync Mechanism"],
          "duration": 2,
          "failureDetails": [],
          "failureMessages": [],
          "fullName": "Offline Validation Tests Sync Mechanism should sync actions when coming back online",
          "invocations": 1,
          "location": null,
          "numPassingAsserts": 1,
          "retryReasons": [],
          "status": "passed",
          "title": "should sync actions when coming back online"
        },
        {
          "ancestorTitles": ["Offline Validation Tests", "Sync Mechanism"],
          "duration": 1,
          "failureDetails": [],
          "failureMessages": [],
          "fullName": "Offline Validation Tests Sync Mechanism should not sync when offline",
          "invocations": 1,
          "location": null,
          "numPassingAsserts": 0,
          "retryReasons": [],
          "status": "passed",
          "title": "should not sync when offline"
        },
        {
          "ancestorTitles": ["Offline Validation Tests", "Sync Mechanism"],
          "duration": 1,
          "failureDetails": [],
          "failureMessages": [],
          "fullName": "Offline Validation Tests Sync Mechanism should implement exponential backoff for failed syncs",
          "invocations": 1,
          "location": null,
          "numPassingAsserts": 1,
          "retryReasons": [],
          "status": "passed",
          "title": "should implement exponential backoff for failed syncs"
        },
        {
          "ancestorTitles": ["Offline Validation Tests", "Sync Mechanism"],
          "duration": 1,
          "failureDetails": [],
          "failureMessages": [],
          "fullName": "Offline Validation Tests Sync Mechanism should remove actions after max retries",
          "invocations": 1,
          "location": null,
          "numPassingAsserts": 0,
          "retryReasons": [],
          "status": "passed",
          "title": "should remove actions after max retries"
        },
        {
          "ancestorTitles": ["Offline Validation Tests", "Sync Mechanism"],
          "duration": 1,
          "failureDetails": [],
          "failureMessages": [],
          "fullName": "Offline Validation Tests Sync Mechanism should handle concurrent sync attempts",
          "invocations": 1,
          "location": null,
          "numPassingAsserts": 0,
          "retryReasons": [],
          "status": "passed",
          "title": "should handle concurrent sync attempts"
        },
        {
          "ancestorTitles": ["Offline Validation Tests", "Sync Mechanism"],
          "duration": 2,
          "failureDetails": [],
          "failureMessages": [],
          "fullName": "Offline Validation Tests Sync Mechanism should force sync manually",
          "invocations": 1,
          "location": null,
          "numPassingAsserts": 1,
          "retryReasons": [],
          "status": "passed",
          "title": "should force sync manually"
        },
        {
          "ancestorTitles": ["Offline Validation Tests", "Data Integrity"],
          "duration": 2,
          "failureDetails": [],
          "failureMessages": [],
          "fullName": "Offline Validation Tests Data Integrity should preserve action order in queue",
          "invocations": 1,
          "location": null,
          "numPassingAsserts": 3,
          "retryReasons": [],
          "status": "passed",
          "title": "should preserve action order in queue"
        },
        {
          "ancestorTitles": ["Offline Validation Tests", "Data Integrity"],
          "duration": 306,
          "failureDetails": [],
          "failureMessages": [],
          "fullName": "Offline Validation Tests Data Integrity should handle storage failures gracefully",
          "invocations": 1,
          "location": null,
          "numPassingAsserts": 1,
          "retryReasons": [],
          "status": "passed",
          "title": "should handle storage failures gracefully"
        },
        {
          "ancestorTitles": ["Offline Validation Tests", "Data Integrity"],
          "duration": 0,
          "failureDetails": [],
          "failureMessages": [],
          "fullName": "Offline Validation Tests Data Integrity should validate cached data structure",
          "invocations": 1,
          "location": null,
          "numPassingAsserts": 1,
          "retryReasons": [],
          "status": "passed",
          "title": "should validate cached data structure"
        },
        {
          "ancestorTitles": ["Offline Validation Tests", "Edge Cases"],
          "duration": 104,
          "failureDetails": [],
          "failureMessages": [],
          "fullName": "Offline Validation Tests Edge Cases should handle rapid online/offline transitions",
          "invocations": 1,
          "location": null,
          "numPassingAsserts": 1,
          "retryReasons": [],
          "status": "passed",
          "title": "should handle rapid online/offline transitions"
        },
        {
          "ancestorTitles": ["Offline Validation Tests", "Edge Cases"],
          "duration": 608,
          "failureDetails": [],
          "failureMessages": [],
          "fullName": "Offline Validation Tests Edge Cases should handle empty action queues",
          "invocations": 1,
          "location": null,
          "numPassingAsserts": 1,
          "retryReasons": [],
          "status": "passed",
          "title": "should handle empty action queues"
        },
        {
          "ancestorTitles": ["Offline Validation Tests", "Edge Cases"],
          "duration": 303,
          "failureDetails": [],
          "failureMessages": [],
          "fullName": "Offline Validation Tests Edge Cases should handle malformed action payloads",
          "invocations": 1,
          "location": null,
          "numPassingAsserts": 1,
          "retryReasons": [],
          "status": "passed",
          "title": "should handle malformed action payloads"
        },
        {
          "ancestorTitles": ["Offline Validation Tests", "Edge Cases"],
          "duration": 305,
          "failureDetails": [],
          "failureMessages": [],
          "fullName": "Offline Validation Tests Edge Cases should handle unknown action types",
          "invocations": 1,
          "location": null,
          "numPassingAsserts": 1,
          "retryReasons": [],
          "status": "passed",
          "title": "should handle unknown action types"
        },
        {
          "ancestorTitles": ["Offline Validation Tests", "Edge Cases"],
          "duration": 305,
          "failureDetails": [],
          "failureMessages": [],
          "fullName": "Offline Validation Tests Edge Cases should handle large payloads",
          "invocations": 1,
          "location": null,
          "numPassingAsserts": 1,
          "retryReasons": [],
          "status": "passed",
          "title": "should handle large payloads"
        },
        {
          "ancestorTitles": ["Offline Validation Tests", "Performance"],
          "duration": 459,
          "failureDetails": [],
          "failureMessages": [],
          "fullName": "Offline Validation Tests Performance should handle high-frequency action queuing",
          "invocations": 1,
          "location": null,
          "numPassingAsserts": 1,
          "retryReasons": [],
          "status": "passed",
          "title": "should handle high-frequency action queuing"
        },
        {
          "ancestorTitles": ["Offline Validation Tests", "Performance"],
          "duration": 12,
          "failureDetails": [],
          "failureMessages": [],
          "fullName": "Offline Validation Tests Performance should handle cache operations efficiently",
          "invocations": 1,
          "location": null,
          "numPassingAsserts": 1,
          "retryReasons": [],
          "status": "passed",
          "title": "should handle cache operations efficiently"
        }
      ],
      "endTime": 1760202129088,
      "message": "",
      "name": "/workspaces/Kid-Friendly-Map-v1/__tests__/offline-validation.test.ts",
      "startTime": 1760202126506,
      "status": "passed",
      "summary": ""
    },
    {
      "assertionResults": [
        {
          "ancestorTitles": ["Error Handling Utils", "withRetry"],
          "duration": 3,
          "failureDetails": [],
          "failureMessages": [],
          "fullName": "Error Handling Utils withRetry should succeed on first attempt",
          "invocations": 1,
          "location": null,
          "numPassingAsserts": 2,
          "retryReasons": [],
          "status": "passed",
          "title": "should succeed on first attempt"
        },
        {
          "ancestorTitles": ["Error Handling Utils", "withRetry"],
          "duration": 303,
          "failureDetails": [],
          "failureMessages": [],
          "fullName": "Error Handling Utils withRetry should retry on failure and eventually succeed",
          "invocations": 1,
          "location": null,
          "numPassingAsserts": 2,
          "retryReasons": [],
          "status": "passed",
          "title": "should retry on failure and eventually succeed"
        },
        {
          "ancestorTitles": ["Error Handling Utils", "withRetry"],
          "duration": 18,
          "failureDetails": [],
          "failureMessages": [],
          "fullName": "Error Handling Utils withRetry should fail after max attempts",
          "invocations": 1,
          "location": null,
          "numPassingAsserts": 2,
          "retryReasons": [],
          "status": "passed",
          "title": "should fail after max attempts"
        },
        {
          "ancestorTitles": ["Error Handling Utils", "withRetry"],
          "duration": 2,
          "failureDetails": [],
          "failureMessages": [],
          "fullName": "Error Handling Utils withRetry should respect shouldRetry function",
          "invocations": 1,
          "location": null,
          "numPassingAsserts": 3,
          "retryReasons": [],
          "status": "passed",
          "title": "should respect shouldRetry function"
        },
        {
          "ancestorTitles": ["Error Handling Utils", "SafeAsyncStorage"],
          "duration": 1,
          "failureDetails": [],
          "failureMessages": [],
          "fullName": "Error Handling Utils SafeAsyncStorage should get item successfully",
          "invocations": 1,
          "location": null,
          "numPassingAsserts": 2,
          "retryReasons": [],
          "status": "passed",
          "title": "should get item successfully"
        },
        {
          "ancestorTitles": ["Error Handling Utils", "SafeAsyncStorage"],
          "duration": 303,
          "failureDetails": [],
          "failureMessages": [],
          "fullName": "Error Handling Utils SafeAsyncStorage should return fallback value on get failure",
          "invocations": 1,
          "location": null,
          "numPassingAsserts": 1,
          "retryReasons": [],
          "status": "passed",
          "title": "should return fallback value on get failure"
        },
        {
          "ancestorTitles": ["Error Handling Utils", "SafeAsyncStorage"],
          "duration": 1,
          "failureDetails": [],
          "failureMessages": [],
          "fullName": "Error Handling Utils SafeAsyncStorage should set item successfully",
          "invocations": 1,
          "location": null,
          "numPassingAsserts": 2,
          "retryReasons": [],
          "status": "passed",
          "title": "should set item successfully"
        },
        {
          "ancestorTitles": ["Error Handling Utils", "SafeAsyncStorage"],
          "duration": 1,
          "failureDetails": [],
          "failureMessages": [],
          "fullName": "Error Handling Utils SafeAsyncStorage should handle batch operations",
          "invocations": 1,
          "location": null,
          "numPassingAsserts": 3,
          "retryReasons": [],
          "status": "passed",
          "title": "should handle batch operations"
        },
        {
          "ancestorTitles": ["Error Handling Utils", "Error message handling"],
          "duration": 1,
          "failureDetails": [],
          "failureMessages": [],
          "fullName": "Error Handling Utils Error message handling should provide user-friendly location error messages",
          "invocations": 1,
          "location": null,
          "numPassingAsserts": 3,
          "retryReasons": [],
          "status": "passed",
          "title": "should provide user-friendly location error messages"
        },
        {
          "ancestorTitles": ["Error Handling Utils", "Error message handling"],
          "duration": 1,
          "failureDetails": [],
          "failureMessages": [],
          "fullName": "Error Handling Utils Error message handling should handle network errors appropriately",
          "invocations": 1,
          "location": null,
          "numPassingAsserts": 3,
          "retryReasons": [],
          "status": "passed",
          "title": "should handle network errors appropriately"
        },
[...]
          "duration": 1,
          "failureDetails": [],
          "failureMessages": [],
          "fullName": "iOS Platform Tests iOS Safety Features should handle iOS location services",
          "invocations": 1,
          "location": null,
          "numPassingAsserts": 2,
          "retryReasons": [],
          "status": "passed",
          "title": "should handle iOS location services"
        },
        {
          "ancestorTitles": ["iOS Platform Tests", "iOS Safety Features"],
          "duration": 0,
          "failureDetails": [],
          "failureMessages": [],
          "fullName": "iOS Platform Tests iOS Safety Features should integrate with iOS emergency features",
          "invocations": 1,
          "location": null,
          "numPassingAsserts": 2,
          "retryReasons": [],
          "status": "passed",
          "title": "should integrate with iOS emergency features"
        },
        {
          "ancestorTitles": ["iOS Platform Tests", "iOS Performance"],
          "duration": 0,
          "failureDetails": [],
          "failureMessages": [],
          "fullName": "iOS Platform Tests iOS Performance should optimize for iOS devices",
          "invocations": 1,
          "location": null,
          "numPassingAsserts": 2,
          "retryReasons": [],
          "status": "passed",
          "title": "should optimize for iOS devices"
        },
        {
          "ancestorTitles": ["iOS Platform Tests", "iOS Accessibility"],
          "duration": 1,
          "failureDetails": [],
          "failureMessages": [],
          "fullName": "iOS Platform Tests iOS Accessibility should support iOS accessibility features",
          "invocations": 1,
          "location": null,
          "numPassingAsserts": 2,
          "retryReasons": [],
          "status": "passed",
          "title": "should support iOS accessibility features"
        }
      ],
      "endTime": 1760202136977,
      "message": "",
      "name": "/workspaces/Kid-Friendly-Map-v1/__tests__/platform/ios.test.js",
      "startTime": 1760202136911,
      "status": "passed",
      "summary": ""
    },
    {
      "assertionResults": [
        {
          "ancestorTitles": ["Android Platform Tests", "Android-specific Features"],
          "duration": 1,
          "failureDetails": [],
          "failureMessages": [],
          "fullName": "Android Platform Tests Android-specific Features should handle Android permissions correctly",
          "invocations": 1,
          "location": null,
          "numPassingAsserts": 2,
          "retryReasons": [],
          "status": "passed",
          "title": "should handle Android permissions correctly"
        },
        {
          "ancestorTitles": ["Android Platform Tests", "Android-specific Features"],
          "duration": 0,
          "failureDetails": [],
          "failureMessages": [],
          "fullName": "Android Platform Tests Android-specific Features should use Android-specific UI components",
          "invocations": 1,
          "location": null,
          "numPassingAsserts": 1,
          "retryReasons": [],
          "status": "passed",
          "title": "should use Android-specific UI components"
        },
        {
          "ancestorTitles": ["Android Platform Tests", "Android-specific Features"],
          "duration": 0,
          "failureDetails": [],
          "failureMessages": [],
          "fullName": "Android Platform Tests Android-specific Features should handle Android navigation bar",
          "invocations": 1,
          "location": null,
          "numPassingAsserts": 2,
          "retryReasons": [],
          "status": "passed",
          "title": "should handle Android navigation bar"
        },
        {
          "ancestorTitles": ["Android Platform Tests", "Android-specific Features"],
          "duration": 1,
          "failureDetails": [],
          "failureMessages": [],
          "fullName": "Android Platform Tests Android-specific Features should handle Android back button",
          "invocations": 1,
          "location": null,
          "numPassingAsserts": 2,
          "retryReasons": [],
          "status": "passed",
          "title": "should handle Android back button"
        },
        {
          "ancestorTitles": ["Android Platform Tests", "Android Safety Features"],
          "duration": 0,
          "failureDetails": [],
          "failureMessages": [],
          "fullName": "Android Platform Tests Android Safety Features should handle Android location services",
          "invocations": 1,
          "location": null,
          "numPassingAsserts": 2,
          "retryReasons": [],
          "status": "passed",
          "title": "should handle Android location services"
        },
        {
          "ancestorTitles": ["Android Platform Tests", "Android Safety Features"],
          "duration": 1,
          "failureDetails": [],
          "failureMessages": [],
          "fullName": "Android Platform Tests Android Safety Features should integrate with Android emergency features",
          "invocations": 1,
          "location": null,
          "numPassingAsserts": 2,
          "retryReasons": [],
          "status": "passed",
          "title": "should integrate with Android emergency features"
        },
        {
          "ancestorTitles": ["Android Platform Tests", "Android Performance"],
          "duration": 0,
          "failureDetails": [],
          "failureMessages": [],
          "fullName": "Android Platform Tests Android Performance should optimize for Android devices",
          "invocations": 1,
          "location": null,
          "numPassingAsserts": 2,
          "retryReasons": [],
          "status": "passed",
          "title": "should optimize for Android devices"
        },
        {
          "ancestorTitles": ["Android Platform Tests", "Android Performance"],
          "duration": 0,
          "failureDetails": [],
          "failureMessages": [],
          "fullName": "Android Platform Tests Android Performance should handle Android memory management",
          "invocations": 1,
          "location": null,
          "numPassingAsserts": 2,
          "retryReasons": [],
          "status": "passed",
          "title": "should handle Android memory management"
        },
        {
          "ancestorTitles": ["Android Platform Tests", "Android Accessibility"],
          "duration": 1,
          "failureDetails": [],
          "failureMessages": [],
          "fullName": "Android Platform Tests Android Accessibility should support Android accessibility features",
          "invocations": 1,
          "location": null,
          "numPassingAsserts": 2,
          "retryReasons": [],
          "status": "passed",
          "title": "should support Android accessibility features"
        },
        {
          "ancestorTitles": ["Android Platform Tests", "Android Notifications"],
          "duration": 0,
          "failureDetails": [],
          "failureMessages": [],
          "fullName": "Android Platform Tests Android Notifications should handle Android notification channels",
          "invocations": 1,
          "location": null,
          "numPassingAsserts": 2,
          "retryReasons": [],
          "status": "passed",
          "title": "should handle Android notification channels"
        }
      ],
      "endTime": 1760202137074,
      "message": "",
      "name": "/workspaces/Kid-Friendly-Map-v1/__tests__/platform/android.test.js",
      "startTime": 1760202136994,
      "status": "passed",
      "summary": ""
    },
    {
      "assertionResults": [
        {
          "ancestorTitles": ["iOS Platform Tests", "iOS-specific Features"],
          "duration": 1,
          "failureDetails": [],
          "failureMessages": [],
          "fullName": "iOS Platform Tests iOS-specific Features should handle iOS permissions correctly",
          "invocations": 1,
          "location": null,
          "numPassingAsserts": 2,
          "retryReasons": [],
          "status": "passed",
          "title": "should handle iOS permissions correctly"
        },
        {
          "ancestorTitles": ["iOS Platform Tests", "iOS-specific Features"],
          "duration": 1,
          "failureDetails": [],
          "failureMessages": [],
          "fullName": "iOS Platform Tests iOS-specific Features should use iOS-specific UI components",
          "invocations": 1,
          "location": null,
          "numPassingAsserts": 1,
          "retryReasons": [],
          "status": "passed",
          "title": "should use iOS-specific UI components"
        },
        {
          "ancestorTitles": ["iOS Platform Tests", "iOS-specific Features"],
          "duration": 0,
          "failureDetails": [],
          "failureMessages": [],
          "fullName": "iOS Platform Tests iOS-specific Features should handle iOS safe area correctly",
          "invocations": 1,
          "location": null,
          "numPassingAsserts": 2,
          "retryReasons": [],
          "status": "passed",
          "title": "should handle iOS safe area correctly"
        },
        {
          "ancestorTitles": ["iOS Platform Tests", "iOS-specific Features"],
          "duration": 0,
          "failureDetails": [],
          "failureMessages": [],
          "fullName": "iOS Platform Tests iOS-specific Features should handle iOS haptic feedback",
          "invocations": 1,
          "location": null,
          "numPassingAsserts": 2,
          "retryReasons": [],
          "status": "passed",
          "title": "should handle iOS haptic feedback"
        },
        {
          "ancestorTitles": ["iOS Platform Tests", "iOS Safety Features"],
          "duration": 0,
          "failureDetails": [],
          "failureMessages": [],
          "fullName": "iOS Platform Tests iOS Safety Features should handle iOS location services",
          "invocations": 1,
          "location": null,
          "numPassingAsserts": 2,
          "retryReasons": [],
          "status": "passed",
          "title": "should handle iOS location services"
        },
        {
          "ancestorTitles": ["iOS Platform Tests", "iOS Safety Features"],
          "duration": 0,
          "failureDetails": [],
          "failureMessages": [],
          "fullName": "iOS Platform Tests iOS Safety Features should integrate with iOS emergency features",
          "invocations": 1,
          "location": null,
          "numPassingAsserts": 2,
          "retryReasons": [],
          "status": "passed",
          "title": "should integrate with iOS emergency features"
        },
        {
          "ancestorTitles": ["iOS Platform Tests", "iOS Performance"],
          "duration": 1,
          "failureDetails": [],
          "failureMessages": [],
          "fullName": "iOS Platform Tests iOS Performance should optimize for iOS devices",
          "invocations": 1,
          "location": null,
          "numPassingAsserts": 2,
          "retryReasons": [],
          "status": "passed",
          "title": "should optimize for iOS devices"
        },
        {
          "ancestorTitles": ["iOS Platform Tests", "iOS Accessibility"],
          "duration": 0,
          "failureDetails": [],
          "failureMessages": [],
          "fullName": "iOS Platform Tests iOS Accessibility should support iOS accessibility features",
          "invocations": 1,
          "location": null,
          "numPassingAsserts": 2,
          "retryReasons": [],
          "status": "passed",
          "title": "should support iOS accessibility features"
        }
      ],
      "endTime": 1760202137124,
      "message": "",
      "name": "/workspaces/Kid-Friendly-Map-v1/__tests__/platform/ios.test.ts",
      "startTime": 1760202137084,
      "status": "passed",
      "summary": ""
    },
    {
      "assertionResults": [
        {
          "ancestorTitles": ["Test utilities"],
          "duration": 1,
          "failureDetails": [],
          "failureMessages": [],
          "fullName": "Test utilities should export required testing utilities",
          "invocations": 1,
          "location": null,
          "numPassingAsserts": 5,
          "retryReasons": [],
          "status": "passed",
          "title": "should export required testing utilities"
        },
        {
          "ancestorTitles": ["Test utilities"],
          "duration": 2,
          "failureDetails": [],
          "failureMessages": [],
          "fullName": "Test utilities should render a simple component",
          "invocations": 1,
          "location": null,
          "numPassingAsserts": 2,
          "retryReasons": [],
          "status": "passed",
          "title": "should render a simple component"
        }
      ],
      "endTime": 1760202137170,
      "message": "",
      "name": "/workspaces/Kid-Friendly-Map-v1/__tests__/test-utils.js",
      "startTime": 1760202137136,
      "status": "passed",
      "summary": ""
    },
    {
      "assertionResults": [
        {
          "ancestorTitles": ["Test utilities"],
          "duration": 1,
          "failureDetails": [],
          "failureMessages": [],
          "fullName": "Test utilities should export required testing utilities",
          "invocations": 1,
          "location": null,
          "numPassingAsserts": 5,
          "retryReasons": [],
          "status": "passed",
          "title": "should export required testing utilities"
        },
        {
          "ancestorTitles": ["Test utilities"],
          "duration": 2,
          "failureDetails": [],
          "failureMessages": [],
          "fullName": "Test utilities should render a simple component",
          "invocations": 1,
          "location": null,
          "numPassingAsserts": 2,
          "retryReasons": [],
          "status": "passed",
          "title": "should render a simple component"
        },
        {
          "ancestorTitles": [],
          "duration": 1,
          "failureDetails": [],
          "failureMessages": [],
          "fullName": "sanity view",
          "invocations": 1,
          "location": null,
          "numPassingAsserts": 1,
          "retryReasons": [],
          "status": "passed",
          "title": "sanity view"
        }
      ],
      "endTime": 1760202137237,
      "message": "",
      "name": "/workspaces/Kid-Friendly-Map-v1/__tests__/sanity.test.tsx",
      "startTime": 1760202137179,
      "status": "passed",
      "summary": ""
    },
    {
      "assertionResults": [
        {
          "ancestorTitles": ["Android Platform Tests", "Android-specific Features"],
          "duration": 0,
          "failureDetails": [],
          "failureMessages": [],
          "fullName": "Android Platform Tests Android-specific Features should handle Android permissions correctly",
          "invocations": 1,
          "location": null,
          "numPassingAsserts": 2,
          "retryReasons": [],
          "status": "passed",
          "title": "should handle Android permissions correctly"
        },
        {
          "ancestorTitles": ["Android Platform Tests", "Android-specific Features"],
          "duration": 1,
          "failureDetails": [],
          "failureMessages": [],
          "fullName": "Android Platform Tests Android-specific Features should use Android-specific UI components",
          "invocations": 1,
          "location": null,
          "numPassingAsserts": 1,
          "retryReasons": [],
          "status": "passed",
          "title": "should use Android-specific UI components"
        },
        {
          "ancestorTitles": ["Android Platform Tests", "Android-specific Features"],
          "duration": 0,
          "failureDetails": [],
          "failureMessages": [],
          "fullName": "Android Platform Tests Android-specific Features should handle Android navigation bar",
          "invocations": 1,
          "location": null,
          "numPassingAsserts": 2,
          "retryReasons": [],
          "status": "passed",
          "title": "should handle Android navigation bar"
        },
        {
          "ancestorTitles": ["Android Platform Tests", "Android-specific Features"],
          "duration": 0,
          "failureDetails": [],
          "failureMessages": [],
          "fullName": "Android Platform Tests Android-specific Features should handle Android back button",
          "invocations": 1,
          "location": null,
          "numPassingAsserts": 2,
          "retryReasons": [],
          "status": "passed",
          "title": "should handle Android back button"
        },
        {
          "ancestorTitles": ["Android Platform Tests", "Android Safety Features"],
          "duration": 0,
          "failureDetails": [],
          "failureMessages": [],
          "fullName": "Android Platform Tests Android Safety Features should handle Android location services",
          "invocations": 1,
          "location": null,
          "numPassingAsserts": 2,
          "retryReasons": [],
          "status": "passed",
          "title": "should handle Android location services"
        },
        {
          "ancestorTitles": ["Android Platform Tests", "Android Safety Features"],
          "duration": 0,
          "failureDetails": [],
          "failureMessages": [],
          "fullName": "Android Platform Tests Android Safety Features should integrate with Android emergency features",
          "invocations": 1,
          "location": null,
          "numPassingAsserts": 2,
          "retryReasons": [],
          "status": "passed",
          "title": "should integrate with Android emergency features"
        },
        {
          "ancestorTitles": ["Android Platform Tests", "Android Performance"],
          "duration": 0,
          "failureDetails": [],
          "failureMessages": [],
          "fullName": "Android Platform Tests Android Performance should optimize for Android devices",
          "invocations": 1,
          "location": null,
          "numPassingAsserts": 2,
          "retryReasons": [],
          "status": "passed",
          "title": "should optimize for Android devices"
        },
        {
          "ancestorTitles": ["Android Platform Tests", "Android Performance"],
          "duration": 0,
          "failureDetails": [],
          "failureMessages": [],
          "fullName": "Android Platform Tests Android Performance should handle Android memory management",
          "invocations": 1,
          "location": null,
          "numPassingAsserts": 2,
          "retryReasons": [],
          "status": "passed",
          "title": "should handle Android memory management"
        },
        {
          "ancestorTitles": ["Android Platform Tests", "Android Accessibility"],
          "duration": 0,
          "failureDetails": [],
          "failureMessages": [],
          "fullName": "Android Platform Tests Android Accessibility should support Android accessibility features",
          "invocations": 1,
          "location": null,
          "numPassingAsserts": 2,
          "retryReasons": [],
          "status": "passed",
          "title": "should support Android accessibility features"
        },
        {
          "ancestorTitles": ["Android Platform Tests", "Android Notifications"],
          "duration": 0,
          "failureDetails": [],
          "failureMessages": [],
          "fullName": "Android Platform Tests Android Notifications should handle Android notification channels",
          "invocations": 1,
          "location": null,
          "numPassingAsserts": 2,
          "retryReasons": [],
          "status": "passed",
          "title": "should handle Android notification channels"
        }
      ],
      "endTime": 1760202137292,
      "message": "",
      "name": "/workspaces/Kid-Friendly-Map-v1/__tests__/platform/android.test.ts",
      "startTime": 1760202137249,
      "status": "passed",
      "summary": ""
    }
  ],
  "wasInterrupted": false
}
